[4.079s] Invoking command in '/home/azivinicius/ros2_ws/src/SPH': DEBUGINFOD_URLS=https://debuginfod.ubuntu.com PYTHONPATH=/home/azivinicius/ros2_ws/src/SPH/build/SPH/prefix_override:/usr/lib/python3/dist-packages/colcon_core/task/python/colcon_distutils_commands:/home/azivinicius/ros2_ws/src/SPH/install/SPH/lib/python3.12/site-packages:${PYTHONPATH} /usr/bin/python3 -W ignore:setup.py install is deprecated -W ignore:easy_install command is deprecated setup.py egg_info --egg-base build/SPH build --build-base /home/azivinicius/ros2_ws/src/SPH/build/SPH/build install --record /home/azivinicius/ros2_ws/src/SPH/build/SPH/install.log --single-version-externally-managed install_data
[5.617s] running egg_info
[5.748s] writing build/SPH/SPH.egg-info/PKG-INFO
[5.749s] writing dependency_links to build/SPH/SPH.egg-info/dependency_links.txt
[5.750s] writing entry points to build/SPH/SPH.egg-info/entry_points.txt
[5.751s] writing requirements to build/SPH/SPH.egg-info/requires.txt
[5.752s] writing top-level names to build/SPH/SPH.egg-info/top_level.txt
[6.011s] reading manifest file 'build/SPH/SPH.egg-info/SOURCES.txt'
[6.012s] adding license file 'LICENSE'
[6.016s] writing manifest file 'build/SPH/SPH.egg-info/SOURCES.txt'
[6.017s] running build
[6.017s] running build_py
[6.018s] copying SPH/basic_potential.py -> /home/azivinicius/ros2_ws/src/SPH/build/SPH/build/lib/SPH
[6.020s] running install
[6.049s] running install_lib
[6.179s] copying /home/azivinicius/ros2_ws/src/SPH/build/SPH/build/lib/SPH/basic_potential.py -> /home/azivinicius/ros2_ws/src/SPH/install/SPH/lib/python3.12/site-packages/SPH
[6.182s] byte-compiling /home/azivinicius/ros2_ws/src/SPH/install/SPH/lib/python3.12/site-packages/SPH/basic_potential.py to basic_potential.cpython-312.pyc
[6.196s] running install_data
[6.198s] running install_egg_info
[6.331s] removing '/home/azivinicius/ros2_ws/src/SPH/install/SPH/lib/python3.12/site-packages/SPH-0.0.0-py3.12.egg-info' (and everything under it)
[6.332s] Copying build/SPH/SPH.egg-info to /home/azivinicius/ros2_ws/src/SPH/install/SPH/lib/python3.12/site-packages/SPH-0.0.0-py3.12.egg-info
[6.337s] running install_scripts
[7.128s] Installing basic script to /home/azivinicius/ros2_ws/src/SPH/install/SPH/lib/SPH
[7.128s] Installing decentralized script to /home/azivinicius/ros2_ws/src/SPH/install/SPH/lib/SPH
[7.130s] Installing diff_sph script to /home/azivinicius/ros2_ws/src/SPH/install/SPH/lib/SPH
[7.130s] Installing occupancy_grid script to /home/azivinicius/ros2_ws/src/SPH/install/SPH/lib/SPH
[7.131s] writing list of installed files to '/home/azivinicius/ros2_ws/src/SPH/build/SPH/install.log'
[7.248s] Invoked command in '/home/azivinicius/ros2_ws/src/SPH' returned '0': DEBUGINFOD_URLS=https://debuginfod.ubuntu.com PYTHONPATH=/home/azivinicius/ros2_ws/src/SPH/build/SPH/prefix_override:/usr/lib/python3/dist-packages/colcon_core/task/python/colcon_distutils_commands:/home/azivinicius/ros2_ws/src/SPH/install/SPH/lib/python3.12/site-packages:${PYTHONPATH} /usr/bin/python3 -W ignore:setup.py install is deprecated -W ignore:easy_install command is deprecated setup.py egg_info --egg-base build/SPH build --build-base /home/azivinicius/ros2_ws/src/SPH/build/SPH/build install --record /home/azivinicius/ros2_ws/src/SPH/build/SPH/install.log --single-version-externally-managed install_data
