[3.731s] Invoking command in '/home/azivinicius/ros2_ws/src/SPH': DEBUGINFOD_URLS=https://debuginfod.ubuntu.com PYTHONPATH=/home/azivinicius/ros2_ws/src/SPH/build/SPH/prefix_override:/usr/lib/python3/dist-packages/colcon_core/task/python/colcon_distutils_commands:/home/azivinicius/ros2_ws/src/SPH/install/SPH/lib/python3.12/site-packages:${PYTHONPATH} /usr/bin/python3 -W ignore:setup.py install is deprecated -W ignore:easy_install command is deprecated setup.py egg_info --egg-base build/SPH build --build-base /home/azivinicius/ros2_ws/src/SPH/build/SPH/build install --record /home/azivinicius/ros2_ws/src/SPH/build/SPH/install.log --single-version-externally-managed install_data
[5.228s] running egg_info
[5.346s] writing build/SPH/SPH.egg-info/PKG-INFO
[5.347s] writing dependency_links to build/SPH/SPH.egg-info/dependency_links.txt
[5.348s] writing entry points to build/SPH/SPH.egg-info/entry_points.txt
[5.349s] writing requirements to build/SPH/SPH.egg-info/requires.txt
[5.349s] writing top-level names to build/SPH/SPH.egg-info/top_level.txt
[5.595s] reading manifest file 'build/SPH/SPH.egg-info/SOURCES.txt'
[5.596s] adding license file 'LICENSE'
[5.599s] writing manifest file 'build/SPH/SPH.egg-info/SOURCES.txt'
[5.600s] running build
[5.601s] running build_py
[5.601s] copying SPH/potential2.py -> /home/azivinicius/ros2_ws/src/SPH/build/SPH/build/lib/SPH
[5.602s] copying SPH/particle.py -> /home/azivinicius/ros2_ws/src/SPH/build/SPH/build/lib/SPH
[5.603s] running install
[5.630s] running install_lib
[5.750s] copying /home/azivinicius/ros2_ws/src/SPH/build/SPH/build/lib/SPH/potential2.py -> /home/azivinicius/ros2_ws/src/SPH/install/SPH/lib/python3.12/site-packages/SPH
[5.751s] copying /home/azivinicius/ros2_ws/src/SPH/build/SPH/build/lib/SPH/particle.py -> /home/azivinicius/ros2_ws/src/SPH/install/SPH/lib/python3.12/site-packages/SPH
[5.753s] byte-compiling /home/azivinicius/ros2_ws/src/SPH/install/SPH/lib/python3.12/site-packages/SPH/potential2.py to potential2.cpython-312.pyc
[5.758s] byte-compiling /home/azivinicius/ros2_ws/src/SPH/install/SPH/lib/python3.12/site-packages/SPH/particle.py to particle.cpython-312.pyc
[5.768s] running install_data
[5.770s] running install_egg_info
[5.892s] removing '/home/azivinicius/ros2_ws/src/SPH/install/SPH/lib/python3.12/site-packages/SPH-0.0.0-py3.12.egg-info' (and everything under it)
[5.893s] Copying build/SPH/SPH.egg-info to /home/azivinicius/ros2_ws/src/SPH/install/SPH/lib/python3.12/site-packages/SPH-0.0.0-py3.12.egg-info
[5.897s] running install_scripts
[6.625s] Installing basic script to /home/azivinicius/ros2_ws/src/SPH/install/SPH/lib/SPH
[6.626s] Installing decentralized script to /home/azivinicius/ros2_ws/src/SPH/install/SPH/lib/SPH
[6.626s] Installing diff_sph script to /home/azivinicius/ros2_ws/src/SPH/install/SPH/lib/SPH
[6.627s] Installing occupancy_grid script to /home/azivinicius/ros2_ws/src/SPH/install/SPH/lib/SPH
[6.628s] writing list of installed files to '/home/azivinicius/ros2_ws/src/SPH/build/SPH/install.log'
[6.737s] Invoked command in '/home/azivinicius/ros2_ws/src/SPH' returned '0': DEBUGINFOD_URLS=https://debuginfod.ubuntu.com PYTHONPATH=/home/azivinicius/ros2_ws/src/SPH/build/SPH/prefix_override:/usr/lib/python3/dist-packages/colcon_core/task/python/colcon_distutils_commands:/home/azivinicius/ros2_ws/src/SPH/install/SPH/lib/python3.12/site-packages:${PYTHONPATH} /usr/bin/python3 -W ignore:setup.py install is deprecated -W ignore:easy_install command is deprecated setup.py egg_info --egg-base build/SPH build --build-base /home/azivinicius/ros2_ws/src/SPH/build/SPH/build install --record /home/azivinicius/ros2_ws/src/SPH/build/SPH/install.log --single-version-externally-managed install_data
