[4.273s] Invoking command in '/home/azivinicius/ros2_ws/src/SPH': DEBUGINFOD_URLS=https://debuginfod.ubuntu.com PYTHONPATH=/home/azivinicius/ros2_ws/src/SPH/build/SPH/prefix_override:/usr/lib/python3/dist-packages/colcon_core/task/python/colcon_distutils_commands:/home/azivinicius/ros2_ws/src/SPH/install/SPH/lib/python3.12/site-packages:${PYTHONPATH} /usr/bin/python3 -W ignore:setup.py install is deprecated -W ignore:easy_install command is deprecated setup.py egg_info --egg-base build/SPH build --build-base /home/azivinicius/ros2_ws/src/SPH/build/SPH/build install --record /home/azivinicius/ros2_ws/src/SPH/build/SPH/install.log --single-version-externally-managed install_data
[5.746s] running egg_info
[5.902s] writing build/SPH/SPH.egg-info/PKG-INFO
[5.903s] writing dependency_links to build/SPH/SPH.egg-info/dependency_links.txt
[5.904s] writing entry points to build/SPH/SPH.egg-info/entry_points.txt
[5.905s] writing requirements to build/SPH/SPH.egg-info/requires.txt
[5.905s] writing top-level names to build/SPH/SPH.egg-info/top_level.txt
[6.173s] reading manifest file 'build/SPH/SPH.egg-info/SOURCES.txt'
[6.174s] adding license file 'LICENSE'
[6.176s] writing manifest file 'build/SPH/SPH.egg-info/SOURCES.txt'
[6.177s] running build
[6.177s] running build_py
[6.178s] copying SPH/potential.py -> /home/azivinicius/ros2_ws/src/SPH/build/SPH/build/lib/SPH
[6.180s] running install
[6.206s] running install_lib
[6.290s] copying /home/azivinicius/ros2_ws/src/SPH/build/SPH/build/lib/SPH/potential.py -> /home/azivinicius/ros2_ws/src/SPH/install/SPH/lib/python3.12/site-packages/SPH
[6.292s] byte-compiling /home/azivinicius/ros2_ws/src/SPH/install/SPH/lib/python3.12/site-packages/SPH/potential.py to potential.cpython-312.pyc
[6.294s] running install_data
[6.296s] running install_egg_info
[6.379s] removing '/home/azivinicius/ros2_ws/src/SPH/install/SPH/lib/python3.12/site-packages/SPH-0.0.0-py3.12.egg-info' (and everything under it)
[6.380s] Copying build/SPH/SPH.egg-info to /home/azivinicius/ros2_ws/src/SPH/install/SPH/lib/python3.12/site-packages/SPH-0.0.0-py3.12.egg-info
[6.383s] running install_scripts
[7.005s] Installing basic script to /home/azivinicius/ros2_ws/src/SPH/install/SPH/lib/SPH
[7.006s] Installing decentralized script to /home/azivinicius/ros2_ws/src/SPH/install/SPH/lib/SPH
[7.007s] Installing diff_sph script to /home/azivinicius/ros2_ws/src/SPH/install/SPH/lib/SPH
[7.007s] Installing occupancy_grid script to /home/azivinicius/ros2_ws/src/SPH/install/SPH/lib/SPH
[7.008s] writing list of installed files to '/home/azivinicius/ros2_ws/src/SPH/build/SPH/install.log'
[7.117s] Invoked command in '/home/azivinicius/ros2_ws/src/SPH' returned '0': DEBUGINFOD_URLS=https://debuginfod.ubuntu.com PYTHONPATH=/home/azivinicius/ros2_ws/src/SPH/build/SPH/prefix_override:/usr/lib/python3/dist-packages/colcon_core/task/python/colcon_distutils_commands:/home/azivinicius/ros2_ws/src/SPH/install/SPH/lib/python3.12/site-packages:${PYTHONPATH} /usr/bin/python3 -W ignore:setup.py install is deprecated -W ignore:easy_install command is deprecated setup.py egg_info --egg-base build/SPH build --build-base /home/azivinicius/ros2_ws/src/SPH/build/SPH/build install --record /home/azivinicius/ros2_ws/src/SPH/build/SPH/install.log --single-version-externally-managed install_data
