[0.911s] Invoking command in '/home/bruno/Plan_mov_TPfinal': DEBUGINFOD_URLS=https://debuginfod.ubuntu.com PYTHONPATH=/home/bruno/Plan_mov_TPfinal/build/SPH/prefix_override:/usr/lib/python3/dist-packages/colcon_core/task/python/colcon_distutils_commands:/home/bruno/Plan_mov_TPfinal/install/SPH/lib/python3.12/site-packages:${PYTHONPATH} /usr/bin/python3 -W ignore:setup.py install is deprecated -W ignore:easy_install command is deprecated setup.py egg_info --egg-base build/SPH build --build-base /home/bruno/Plan_mov_TPfinal/build/SPH/build install --record /home/bruno/Plan_mov_TPfinal/build/SPH/install.log --single-version-externally-managed install_data
[1.217s] running egg_info
[1.240s] writing build/SPH/SPH.egg-info/PKG-INFO
[1.241s] writing dependency_links to build/SPH/SPH.egg-info/dependency_links.txt
[1.241s] writing entry points to build/SPH/SPH.egg-info/entry_points.txt
[1.241s] writing requirements to build/SPH/SPH.egg-info/requires.txt
[1.241s] writing top-level names to build/SPH/SPH.egg-info/top_level.txt
[1.290s] reading manifest file 'build/SPH/SPH.egg-info/SOURCES.txt'
[1.290s] adding license file 'LICENSE'
[1.291s] writing manifest file 'build/SPH/SPH.egg-info/SOURCES.txt'
[1.292s] running build
[1.292s] running build_py
[1.292s] running install
[1.299s] running install_lib
[1.323s] running install_data
[1.323s] copying maps/map_complex.yaml -> /home/bruno/Plan_mov_TPfinal/install/SPH/share/SPH/maps
[1.323s] copying maps/map_mazeold.pgm -> /home/bruno/Plan_mov_TPfinal/install/SPH/share/SPH/maps
[1.324s] copying maps/map_complex.pgm -> /home/bruno/Plan_mov_TPfinal/install/SPH/share/SPH/maps
[1.326s] copying maps/map_maze.pgm -> /home/bruno/Plan_mov_TPfinal/install/SPH/share/SPH/maps
[1.326s] copying maps/map_mazeold.yaml -> /home/bruno/Plan_mov_TPfinal/install/SPH/share/SPH/maps
[1.326s] copying maps/map_maze.yaml -> /home/bruno/Plan_mov_TPfinal/install/SPH/share/SPH/maps
[1.326s] copying maps/map_arena_old.pgm -> /home/bruno/Plan_mov_TPfinal/install/SPH/share/SPH/maps
[1.327s] copying maps/map_arena.pgm -> /home/bruno/Plan_mov_TPfinal/install/SPH/share/SPH/maps
[1.327s] copying maps/map_arena_old.yaml -> /home/bruno/Plan_mov_TPfinal/install/SPH/share/SPH/maps
[1.328s] copying maps/map_arena.yaml -> /home/bruno/Plan_mov_TPfinal/install/SPH/share/SPH/maps
[1.328s] running install_egg_info
[1.353s] removing '/home/bruno/Plan_mov_TPfinal/install/SPH/lib/python3.12/site-packages/SPH-0.0.0-py3.12.egg-info' (and everything under it)
[1.354s] Copying build/SPH/SPH.egg-info to /home/bruno/Plan_mov_TPfinal/install/SPH/lib/python3.12/site-packages/SPH-0.0.0-py3.12.egg-info
[1.355s] running install_scripts
[1.507s] Installing basic script to /home/bruno/Plan_mov_TPfinal/install/SPH/lib/SPH
[1.507s] Installing decentralized script to /home/bruno/Plan_mov_TPfinal/install/SPH/lib/SPH
[1.508s] Installing diff_sph script to /home/bruno/Plan_mov_TPfinal/install/SPH/lib/SPH
[1.509s] Installing occupancy_grid script to /home/bruno/Plan_mov_TPfinal/install/SPH/lib/SPH
[1.509s] writing list of installed files to '/home/bruno/Plan_mov_TPfinal/build/SPH/install.log'
[1.552s] Invoked command in '/home/bruno/Plan_mov_TPfinal' returned '0': DEBUGINFOD_URLS=https://debuginfod.ubuntu.com PYTHONPATH=/home/bruno/Plan_mov_TPfinal/build/SPH/prefix_override:/usr/lib/python3/dist-packages/colcon_core/task/python/colcon_distutils_commands:/home/bruno/Plan_mov_TPfinal/install/SPH/lib/python3.12/site-packages:${PYTHONPATH} /usr/bin/python3 -W ignore:setup.py install is deprecated -W ignore:easy_install command is deprecated setup.py egg_info --egg-base build/SPH build --build-base /home/bruno/Plan_mov_TPfinal/build/SPH/build install --record /home/bruno/Plan_mov_TPfinal/build/SPH/install.log --single-version-externally-managed install_data
