[4.672s] Invoking command in '/home/azivinicius/ros2_ws/src/SPH': DEBUGINFOD_URLS=https://debuginfod.ubuntu.com PYTHONPATH=/home/azivinicius/ros2_ws/src/SPH/build/SPH/prefix_override:/usr/lib/python3/dist-packages/colcon_core/task/python/colcon_distutils_commands:/home/azivinicius/ros2_ws/src/SPH/install/SPH/lib/python3.12/site-packages:${PYTHONPATH} /usr/bin/python3 -W ignore:setup.py install is deprecated -W ignore:easy_install command is deprecated setup.py egg_info --egg-base build/SPH build --build-base /home/azivinicius/ros2_ws/src/SPH/build/SPH/build install --record /home/azivinicius/ros2_ws/src/SPH/build/SPH/install.log --single-version-externally-managed install_data
[6.671s] running egg_info
[6.803s] writing build/SPH/SPH.egg-info/PKG-INFO
[6.804s] writing dependency_links to build/SPH/SPH.egg-info/dependency_links.txt
[6.805s] writing entry points to build/SPH/SPH.egg-info/entry_points.txt
[6.806s] writing requirements to build/SPH/SPH.egg-info/requires.txt
[6.806s] writing top-level names to build/SPH/SPH.egg-info/top_level.txt
[7.089s] reading manifest file 'build/SPH/SPH.egg-info/SOURCES.txt'
[7.090s] adding license file 'LICENSE'
[7.093s] writing manifest file 'build/SPH/SPH.egg-info/SOURCES.txt'
[7.094s] running build
[7.095s] running build_py
[7.095s] copying SPH/diff_sph.py -> /home/azivinicius/ros2_ws/src/SPH/build/SPH/build/lib/SPH
[7.096s] running install
[7.122s] running install_lib
[7.264s] copying /home/azivinicius/ros2_ws/src/SPH/build/SPH/build/lib/SPH/diff_sph.py -> /home/azivinicius/ros2_ws/src/SPH/install/SPH/lib/python3.12/site-packages/SPH
[7.269s] byte-compiling /home/azivinicius/ros2_ws/src/SPH/install/SPH/lib/python3.12/site-packages/SPH/diff_sph.py to diff_sph.cpython-312.pyc
[7.290s] running install_data
[7.294s] running install_egg_info
[7.494s] removing '/home/azivinicius/ros2_ws/src/SPH/install/SPH/lib/python3.12/site-packages/SPH-0.0.0-py3.12.egg-info' (and everything under it)
[7.495s] Copying build/SPH/SPH.egg-info to /home/azivinicius/ros2_ws/src/SPH/install/SPH/lib/python3.12/site-packages/SPH-0.0.0-py3.12.egg-info
[7.501s] running install_scripts
[8.515s] Installing basic script to /home/azivinicius/ros2_ws/src/SPH/install/SPH/lib/SPH
[8.517s] Installing decentralized script to /home/azivinicius/ros2_ws/src/SPH/install/SPH/lib/SPH
[8.518s] Installing diff_sph script to /home/azivinicius/ros2_ws/src/SPH/install/SPH/lib/SPH
[8.519s] Installing occupancy_grid script to /home/azivinicius/ros2_ws/src/SPH/install/SPH/lib/SPH
[8.520s] writing list of installed files to '/home/azivinicius/ros2_ws/src/SPH/build/SPH/install.log'
[8.684s] Invoked command in '/home/azivinicius/ros2_ws/src/SPH' returned '0': DEBUGINFOD_URLS=https://debuginfod.ubuntu.com PYTHONPATH=/home/azivinicius/ros2_ws/src/SPH/build/SPH/prefix_override:/usr/lib/python3/dist-packages/colcon_core/task/python/colcon_distutils_commands:/home/azivinicius/ros2_ws/src/SPH/install/SPH/lib/python3.12/site-packages:${PYTHONPATH} /usr/bin/python3 -W ignore:setup.py install is deprecated -W ignore:easy_install command is deprecated setup.py egg_info --egg-base build/SPH build --build-base /home/azivinicius/ros2_ws/src/SPH/build/SPH/build install --record /home/azivinicius/ros2_ws/src/SPH/build/SPH/install.log --single-version-externally-managed install_data
