[3.776s] Invoking command in '/home/azivinicius/ros2_ws/src/SPH': DEBUGINFOD_URLS=https://debuginfod.ubuntu.com PYTHONPATH=/home/azivinicius/ros2_ws/src/SPH/build/SPH/prefix_override:/usr/lib/python3/dist-packages/colcon_core/task/python/colcon_distutils_commands:/home/azivinicius/ros2_ws/src/SPH/install/SPH/lib/python3.12/site-packages:${PYTHONPATH} /usr/bin/python3 -W ignore:setup.py install is deprecated -W ignore:easy_install command is deprecated setup.py egg_info --egg-base build/SPH build --build-base /home/azivinicius/ros2_ws/src/SPH/build/SPH/build install --record /home/azivinicius/ros2_ws/src/SPH/build/SPH/install.log --single-version-externally-managed install_data
[4.886s] running egg_info
[4.969s] writing build/SPH/SPH.egg-info/PKG-INFO
[4.969s] writing dependency_links to build/SPH/SPH.egg-info/dependency_links.txt
[4.970s] writing entry points to build/SPH/SPH.egg-info/entry_points.txt
[4.971s] writing requirements to build/SPH/SPH.egg-info/requires.txt
[4.971s] writing top-level names to build/SPH/SPH.egg-info/top_level.txt
[5.148s] reading manifest file 'build/SPH/SPH.egg-info/SOURCES.txt'
[5.149s] adding license file 'LICENSE'
[5.151s] writing manifest file 'build/SPH/SPH.egg-info/SOURCES.txt'
[5.152s] running build
[5.152s] running build_py
[5.154s] running install
[5.173s] running install_lib
[5.256s] running install_data
[5.257s] running install_egg_info
[5.352s] removing '/home/azivinicius/ros2_ws/src/SPH/install/SPH/lib/python3.12/site-packages/SPH-0.0.0-py3.12.egg-info' (and everything under it)
[5.352s] Copying build/SPH/SPH.egg-info to /home/azivinicius/ros2_ws/src/SPH/install/SPH/lib/python3.12/site-packages/SPH-0.0.0-py3.12.egg-info
[5.356s] running install_scripts
[5.842s] Installing basic script to /home/azivinicius/ros2_ws/src/SPH/install/SPH/lib/SPH
[5.842s] Installing decentralized script to /home/azivinicius/ros2_ws/src/SPH/install/SPH/lib/SPH
[5.843s] Installing diff_sph script to /home/azivinicius/ros2_ws/src/SPH/install/SPH/lib/SPH
[5.843s] Installing occupancy_grid script to /home/azivinicius/ros2_ws/src/SPH/install/SPH/lib/SPH
[5.844s] writing list of installed files to '/home/azivinicius/ros2_ws/src/SPH/build/SPH/install.log'
[5.945s] Invoked command in '/home/azivinicius/ros2_ws/src/SPH' returned '0': DEBUGINFOD_URLS=https://debuginfod.ubuntu.com PYTHONPATH=/home/azivinicius/ros2_ws/src/SPH/build/SPH/prefix_override:/usr/lib/python3/dist-packages/colcon_core/task/python/colcon_distutils_commands:/home/azivinicius/ros2_ws/src/SPH/install/SPH/lib/python3.12/site-packages:${PYTHONPATH} /usr/bin/python3 -W ignore:setup.py install is deprecated -W ignore:easy_install command is deprecated setup.py egg_info --egg-base build/SPH build --build-base /home/azivinicius/ros2_ws/src/SPH/build/SPH/build install --record /home/azivinicius/ros2_ws/src/SPH/build/SPH/install.log --single-version-externally-managed install_data
