[0.730s] DEBUG:colcon:Command line arguments: ['/usr/bin/colcon', 'build', '--symlink-install']
[0.731s] DEBUG:colcon:Parsed command line arguments: Namespace(log_base=None, log_level=None, verb_name='build', build_base='build', install_base='install', merge_install=False, symlink_install=True, test_result_base=None, continue_on_error=False, executor='parallel', parallel_workers=8, event_handlers=None, ignore_user_meta=False, metas=['./colcon.meta'], base_paths=['.'], packages_ignore=None, packages_ignore_regex=None, paths=None, packages_up_to=None, packages_up_to_regex=None, packages_above=None, packages_above_and_dependencies=None, packages_above_depth=None, packages_select_by_dep=None, packages_skip_by_dep=None, packages_skip_up_to=None, packages_select_build_failed=False, packages_skip_build_finished=False, packages_select_test_failures=False, packages_skip_test_passed=False, packages_select=None, packages_skip=None, packages_select_regex=None, packages_skip_regex=None, packages_start=None, packages_end=None, cmake_args=None, cmake_target=None, cmake_target_skip_unavailable=False, cmake_clean_cache=False, cmake_clean_first=False, cmake_force_configure=False, ament_cmake_args=None, catkin_cmake_args=None, catkin_skip_building_tests=False, verb_parser=<colcon_defaults.argument_parser.defaults.DefaultArgumentsDecorator object at 0x7f69220395b0>, verb_extension=<colcon_core.verb.build.BuildVerb object at 0x7f69228ae540>, main=<bound method BuildVerb.main of <colcon_core.verb.build.BuildVerb object at 0x7f69228ae540>>)
[0.975s] Level 1:colcon.colcon_core.package_discovery:discover_packages(colcon_meta) check parameters
[0.977s] Level 1:colcon.colcon_core.package_discovery:discover_packages(recursive) check parameters
[0.977s] Level 1:colcon.colcon_core.package_discovery:discover_packages(ignore) check parameters
[0.977s] Level 1:colcon.colcon_core.package_discovery:discover_packages(path) check parameters
[0.977s] Level 1:colcon.colcon_core.package_discovery:discover_packages(colcon_meta) discover
[0.978s] Level 1:colcon.colcon_core.package_discovery:discover_packages(recursive) discover
[0.978s] INFO:colcon.colcon_core.package_discovery:Crawling recursively for packages in '/home/azivinicius/ros2_ws/src/SPH'
[0.979s] Level 1:colcon.colcon_core.package_identification:_identify(.) by extensions ['ignore', 'ignore_ament_install']
[0.979s] Level 1:colcon.colcon_core.package_identification:_identify(.) by extension 'ignore'
[0.980s] Level 1:colcon.colcon_core.package_identification:_identify(.) by extension 'ignore_ament_install'
[0.980s] Level 1:colcon.colcon_core.package_identification:_identify(.) by extensions ['colcon_pkg']
[0.981s] Level 1:colcon.colcon_core.package_identification:_identify(.) by extension 'colcon_pkg'
[0.981s] Level 1:colcon.colcon_core.package_identification:_identify(.) by extensions ['colcon_meta']
[0.981s] Level 1:colcon.colcon_core.package_identification:_identify(.) by extension 'colcon_meta'
[0.981s] Level 1:colcon.colcon_core.package_identification:_identify(.) by extensions ['ros']
[0.982s] Level 1:colcon.colcon_core.package_identification:_identify(.) by extension 'ros'
[1.162s] DEBUG:colcon.colcon_core.package_identification:Package '.' with type 'ros.ament_python' and name 'SPH'
[1.162s] Level 1:colcon.colcon_core.package_discovery:discover_packages(recursive) using defaults
[1.163s] Level 1:colcon.colcon_core.package_discovery:discover_packages(ignore) discover
[1.163s] Level 1:colcon.colcon_core.package_discovery:discover_packages(ignore) using defaults
[1.163s] Level 1:colcon.colcon_core.package_discovery:discover_packages(path) discover
[1.163s] Level 1:colcon.colcon_core.package_discovery:discover_packages(path) using defaults
[1.270s] Level 5:colcon.colcon_core.verb:set package 'SPH' build argument 'cmake_args' from command line to 'None'
[1.270s] Level 5:colcon.colcon_core.verb:set package 'SPH' build argument 'cmake_target' from command line to 'None'
[1.270s] Level 5:colcon.colcon_core.verb:set package 'SPH' build argument 'cmake_target_skip_unavailable' from command line to 'False'
[1.270s] Level 5:colcon.colcon_core.verb:set package 'SPH' build argument 'cmake_clean_cache' from command line to 'False'
[1.271s] Level 5:colcon.colcon_core.verb:set package 'SPH' build argument 'cmake_clean_first' from command line to 'False'
[1.271s] Level 5:colcon.colcon_core.verb:set package 'SPH' build argument 'cmake_force_configure' from command line to 'False'
[1.271s] Level 5:colcon.colcon_core.verb:set package 'SPH' build argument 'ament_cmake_args' from command line to 'None'
[1.271s] Level 5:colcon.colcon_core.verb:set package 'SPH' build argument 'catkin_cmake_args' from command line to 'None'
[1.272s] Level 5:colcon.colcon_core.verb:set package 'SPH' build argument 'catkin_skip_building_tests' from command line to 'False'
[1.272s] DEBUG:colcon.colcon_core.verb:Building package 'SPH' with the following arguments: {'ament_cmake_args': None, 'build_base': '/home/azivinicius/ros2_ws/src/SPH/build/SPH', 'catkin_cmake_args': None, 'catkin_skip_building_tests': False, 'cmake_args': None, 'cmake_clean_cache': False, 'cmake_clean_first': False, 'cmake_force_configure': False, 'cmake_target': None, 'cmake_target_skip_unavailable': False, 'install_base': '/home/azivinicius/ros2_ws/src/SPH/install/SPH', 'merge_install': False, 'path': '/home/azivinicius/ros2_ws/src/SPH', 'symlink_install': True, 'test_result_base': None}
[1.273s] INFO:colcon.colcon_core.executor:Executing jobs using 'parallel' executor
[1.276s] DEBUG:colcon.colcon_parallel_executor.executor.parallel:run_until_complete
[1.277s] INFO:colcon.colcon_ros.task.ament_python.build:Building ROS package in '/home/azivinicius/ros2_ws/src/SPH' with build type 'ament_python'
[1.278s] Level 1:colcon.colcon_core.shell:create_environment_hook('SPH', 'ament_prefix_path')
[1.288s] INFO:colcon.colcon_core.plugin_system:Skipping extension 'colcon_core.shell.bat': Not used on non-Windows systems
[1.289s] INFO:colcon.colcon_core.shell:Creating environment descriptor '/home/azivinicius/ros2_ws/src/SPH/install/SPH/share/SPH/hook/ament_prefix_path.dsv'
[1.291s] INFO:colcon.colcon_core.shell:Creating environment hook '/home/azivinicius/ros2_ws/src/SPH/install/SPH/share/SPH/hook/ament_prefix_path.sh'
[1.295s] DEBUG:colcon.colcon_core.shell:Skip shell extension 'dsv' for command environment
[2.869s] INFO:colcon.colcon_core.task.python.build:Building Python package in '/home/azivinicius/ros2_ws/src/SPH'
[2.870s] DEBUG:colcon.colcon_core.shell:Skip shell extension 'dsv' for command environment
[7.215s] DEBUG:colcon.colcon_core.event_handler.log_command:Invoking command in '/home/azivinicius/ros2_ws/src/SPH/build/SPH': DEBUGINFOD_URLS=https://debuginfod.ubuntu.com PYTHONPATH=/home/azivinicius/ros2_ws/src/SPH/build/SPH/prefix_override:/usr/lib/python3/dist-packages/colcon_core/task/python/colcon_distutils_commands:/home/azivinicius/ros2_ws/src/SPH/install/SPH/lib/python3.12/site-packages:${PYTHONPATH} /usr/bin/python3 -W ignore:setup.py install is deprecated -W ignore:easy_install command is deprecated setup.py develop --editable --build-directory /home/azivinicius/ros2_ws/src/SPH/build/SPH/build --no-deps symlink_data
[12.028s] Level 1:colcon.colcon_core.shell:create_environment_hook('SPH', 'pythonpath_develop')
[12.030s] INFO:colcon.colcon_core.shell:Creating environment descriptor '/home/azivinicius/ros2_ws/src/SPH/build/SPH/share/SPH/hook/pythonpath_develop.dsv'
[12.031s] DEBUG:colcon.colcon_core.event_handler.log_command:Invoked command in '/home/azivinicius/ros2_ws/src/SPH/build/SPH' returned '0': DEBUGINFOD_URLS=https://debuginfod.ubuntu.com PYTHONPATH=/home/azivinicius/ros2_ws/src/SPH/build/SPH/prefix_override:/usr/lib/python3/dist-packages/colcon_core/task/python/colcon_distutils_commands:/home/azivinicius/ros2_ws/src/SPH/install/SPH/lib/python3.12/site-packages:${PYTHONPATH} /usr/bin/python3 -W ignore:setup.py install is deprecated -W ignore:easy_install command is deprecated setup.py develop --editable --build-directory /home/azivinicius/ros2_ws/src/SPH/build/SPH/build --no-deps symlink_data
[12.033s] INFO:colcon.colcon_core.shell:Creating environment hook '/home/azivinicius/ros2_ws/src/SPH/build/SPH/share/SPH/hook/pythonpath_develop.sh'
[12.045s] Level 1:colcon.colcon_core.environment:checking '/home/azivinicius/ros2_ws/src/SPH/install/SPH' for CMake module files
[12.047s] Level 1:colcon.colcon_core.environment:checking '/home/azivinicius/ros2_ws/src/SPH/install/SPH' for CMake config files
[12.051s] Level 1:colcon.colcon_core.environment:checking '/home/azivinicius/ros2_ws/src/SPH/install/SPH/lib'
[12.052s] Level 1:colcon.colcon_core.environment:checking '/home/azivinicius/ros2_ws/src/SPH/install/SPH/bin'
[12.053s] Level 1:colcon.colcon_core.environment:checking '/home/azivinicius/ros2_ws/src/SPH/install/SPH/lib/pkgconfig/SPH.pc'
[12.054s] Level 1:colcon.colcon_core.environment:checking '/home/azivinicius/ros2_ws/src/SPH/install/SPH/lib/python3.12/site-packages'
[12.055s] Level 1:colcon.colcon_core.shell:create_environment_hook('SPH', 'pythonpath')
[12.055s] INFO:colcon.colcon_core.shell:Creating environment descriptor '/home/azivinicius/ros2_ws/src/SPH/install/SPH/share/SPH/hook/pythonpath.dsv'
[12.057s] INFO:colcon.colcon_core.shell:Creating environment hook '/home/azivinicius/ros2_ws/src/SPH/install/SPH/share/SPH/hook/pythonpath.sh'
[12.062s] Level 1:colcon.colcon_core.environment:checking '/home/azivinicius/ros2_ws/src/SPH/install/SPH/bin'
[12.062s] Level 1:colcon.colcon_core.environment:create_environment_scripts_only(SPH)
[12.064s] INFO:colcon.colcon_core.shell:Creating package descriptor '/home/azivinicius/ros2_ws/src/SPH/install/SPH/share/SPH/package.dsv'
[12.066s] INFO:colcon.colcon_core.shell:Creating package script '/home/azivinicius/ros2_ws/src/SPH/install/SPH/share/SPH/package.sh'
[12.069s] INFO:colcon.colcon_core.shell:Creating package script '/home/azivinicius/ros2_ws/src/SPH/install/SPH/share/SPH/package.bash'
[12.072s] INFO:colcon.colcon_core.shell:Creating package script '/home/azivinicius/ros2_ws/src/SPH/install/SPH/share/SPH/package.zsh'
[12.074s] Level 1:colcon.colcon_core.environment:create_file_with_runtime_dependencies(/home/azivinicius/ros2_ws/src/SPH/install/SPH/share/colcon-core/packages/SPH)
[12.075s] DEBUG:colcon.colcon_parallel_executor.executor.parallel:closing loop
[12.077s] DEBUG:colcon.colcon_parallel_executor.executor.parallel:loop closed
[12.078s] DEBUG:colcon.colcon_parallel_executor.executor.parallel:run_until_complete finished with '0'
[12.078s] DEBUG:colcon.colcon_core.event_reactor:joining thread
[12.104s] INFO:colcon.colcon_core.plugin_system:Skipping extension 'colcon_notification.desktop_notification.terminal_notifier': Not used on non-Darwin systems
[12.105s] INFO:colcon.colcon_core.plugin_system:Skipping extension 'colcon_notification.desktop_notification.win32': Not used on non-Windows systems
[12.105s] INFO:colcon.colcon_notification.desktop_notification:Sending desktop notification using 'notify2'
[12.162s] DEBUG:colcon.colcon_core.event_reactor:joined thread
[12.163s] INFO:colcon.colcon_core.shell:Creating prefix script '/home/azivinicius/ros2_ws/src/SPH/install/local_setup.sh'
[12.166s] INFO:colcon.colcon_core.shell:Creating prefix util module '/home/azivinicius/ros2_ws/src/SPH/install/_local_setup_util_sh.py'
[12.174s] INFO:colcon.colcon_core.shell:Creating prefix chain script '/home/azivinicius/ros2_ws/src/SPH/install/setup.sh'
[12.181s] INFO:colcon.colcon_core.shell:Creating prefix script '/home/azivinicius/ros2_ws/src/SPH/install/local_setup.bash'
[12.184s] INFO:colcon.colcon_core.shell:Creating prefix chain script '/home/azivinicius/ros2_ws/src/SPH/install/setup.bash'
[12.191s] INFO:colcon.colcon_core.shell:Creating prefix script '/home/azivinicius/ros2_ws/src/SPH/install/local_setup.zsh'
[12.194s] INFO:colcon.colcon_core.shell:Creating prefix chain script '/home/azivinicius/ros2_ws/src/SPH/install/setup.zsh'
