running develop
running egg_info
creating SPH.egg-info
writing SPH.egg-info/PKG-INFO
writing dependency_links to SPH.egg-info/dependency_links.txt
writing entry points to SPH.egg-info/entry_points.txt
writing requirements to SPH.egg-info/requires.txt
writing top-level names to SPH.egg-info/top_level.txt
writing manifest file 'SPH.egg-info/SOURCES.txt'
reading manifest file 'SPH.egg-info/SOURCES.txt'
writing manifest file 'SPH.egg-info/SOURCES.txt'
running build_ext
Creating /home/azivinicius/ros2_ws/src/SPH/install/SPH/lib/python3.12/site-packages/SPH.egg-link (link to .)
Installing diff_sph script to /home/azivinicius/ros2_ws/src/SPH/install/SPH/lib/SPH
Installing occupancy_grid script to /home/azivinicius/ros2_ws/src/SPH/install/SPH/lib/SPH

Installed /home/azivinicius/ros2_ws/src/SPH/build/SPH
running symlink_data
creating /home/azivinicius/ros2_ws/src/SPH/install/SPH/share/ament_index
creating /home/azivinicius/ros2_ws/src/SPH/install/SPH/share/ament_index/resource_index
creating /home/azivinicius/ros2_ws/src/SPH/install/SPH/share/ament_index/resource_index/packages
symbolically linking /home/azivinicius/ros2_ws/src/SPH/build/SPH/resource/SPH -> /home/azivinicius/ros2_ws/src/SPH/install/SPH/share/ament_index/resource_index/packages
symbolically linking /home/azivinicius/ros2_ws/src/SPH/build/SPH/package.xml -> /home/azivinicius/ros2_ws/src/SPH/install/SPH/share/SPH
creating /home/azivinicius/ros2_ws/src/SPH/install/SPH/share/SPH/launch
symbolically linking /home/azivinicius/ros2_ws/src/SPH/build/SPH/launch/diff.launch.py -> /home/azivinicius/ros2_ws/src/SPH/install/SPH/share/SPH/launch
creating /home/azivinicius/ros2_ws/src/SPH/install/SPH/share/SPH/worlds
symbolically linking /home/azivinicius/ros2_ws/src/SPH/build/SPH/worlds/tp2_arena01.world -> /home/azivinicius/ros2_ws/src/SPH/install/SPH/share/SPH/worlds
symbolically linking /home/azivinicius/ros2_ws/src/SPH/build/SPH/worlds/tp2_complex.world -> /home/azivinicius/ros2_ws/src/SPH/install/SPH/share/SPH/worlds
symbolically linking /home/azivinicius/ros2_ws/src/SPH/build/SPH/worlds/tp2_arena.world -> /home/azivinicius/ros2_ws/src/SPH/install/SPH/share/SPH/worlds
symbolically linking /home/azivinicius/ros2_ws/src/SPH/build/SPH/worlds/tp2_arena02.world -> /home/azivinicius/ros2_ws/src/SPH/install/SPH/share/SPH/worlds
symbolically linking /home/azivinicius/ros2_ws/src/SPH/build/SPH/worlds/tp2_arena03.world -> /home/azivinicius/ros2_ws/src/SPH/install/SPH/share/SPH/worlds
symbolically linking /home/azivinicius/ros2_ws/src/SPH/build/SPH/worlds/tp2_maze.world -> /home/azivinicius/ros2_ws/src/SPH/install/SPH/share/SPH/worlds
creating /home/azivinicius/ros2_ws/src/SPH/install/SPH/share/SPH/maps
symbolically linking /home/azivinicius/ros2_ws/src/SPH/build/SPH/maps/map_arena.pgm -> /home/azivinicius/ros2_ws/src/SPH/install/SPH/share/SPH/maps
symbolically linking /home/azivinicius/ros2_ws/src/SPH/build/SPH/maps/map_complex.yaml -> /home/azivinicius/ros2_ws/src/SPH/install/SPH/share/SPH/maps
symbolically linking /home/azivinicius/ros2_ws/src/SPH/build/SPH/maps/map_arena.yaml -> /home/azivinicius/ros2_ws/src/SPH/install/SPH/share/SPH/maps
symbolically linking /home/azivinicius/ros2_ws/src/SPH/build/SPH/maps/map_maze.pgm -> /home/azivinicius/ros2_ws/src/SPH/install/SPH/share/SPH/maps
symbolically linking /home/azivinicius/ros2_ws/src/SPH/build/SPH/maps/map_maze.yaml -> /home/azivinicius/ros2_ws/src/SPH/install/SPH/share/SPH/maps
symbolically linking /home/azivinicius/ros2_ws/src/SPH/build/SPH/maps/map_arena_old.yaml -> /home/azivinicius/ros2_ws/src/SPH/install/SPH/share/SPH/maps
symbolically linking /home/azivinicius/ros2_ws/src/SPH/build/SPH/maps/map_mazeold.yaml -> /home/azivinicius/ros2_ws/src/SPH/install/SPH/share/SPH/maps
symbolically linking /home/azivinicius/ros2_ws/src/SPH/build/SPH/maps/map_arena_old.pgm -> /home/azivinicius/ros2_ws/src/SPH/install/SPH/share/SPH/maps
symbolically linking /home/azivinicius/ros2_ws/src/SPH/build/SPH/maps/map_mazeold.pgm -> /home/azivinicius/ros2_ws/src/SPH/install/SPH/share/SPH/maps
symbolically linking /home/azivinicius/ros2_ws/src/SPH/build/SPH/maps/map_complex.pgm -> /home/azivinicius/ros2_ws/src/SPH/install/SPH/share/SPH/maps
creating /home/azivinicius/ros2_ws/src/SPH/install/SPH/share/SPH/urdf
symbolically linking /home/azivinicius/ros2_ws/src/SPH/build/SPH/urdf/robot.urdf.xacro -> /home/azivinicius/ros2_ws/src/SPH/install/SPH/share/SPH/urdf
