[0.490s] DEBUG:colcon:Command line arguments: ['/usr/bin/colcon', 'build', '--packages-select', 'SPH']
[0.490s] DEBUG:colcon:Parsed command line arguments: Namespace(log_base=None, log_level=None, verb_name='build', build_base='build', install_base='install', merge_install=False, symlink_install=False, test_result_base=None, continue_on_error=False, executor='parallel', parallel_workers=8, event_handlers=None, ignore_user_meta=False, metas=['./colcon.meta'], base_paths=['.'], packages_ignore=None, packages_ignore_regex=None, paths=None, packages_up_to=None, packages_up_to_regex=None, packages_above=None, packages_above_and_dependencies=None, packages_above_depth=None, packages_select_by_dep=None, packages_skip_by_dep=None, packages_skip_up_to=None, packages_select_build_failed=False, packages_skip_build_finished=False, packages_select_test_failures=False, packages_skip_test_passed=False, packages_select=['SPH'], packages_skip=None, packages_select_regex=None, packages_skip_regex=None, packages_start=None, packages_end=None, cmake_args=None, cmake_target=None, cmake_target_skip_unavailable=False, cmake_clean_cache=False, cmake_clean_first=False, cmake_force_configure=False, ament_cmake_args=None, catkin_cmake_args=None, catkin_skip_building_tests=False, verb_parser=<colcon_defaults.argument_parser.defaults.DefaultArgumentsDecorator object at 0x7d683d039340>, verb_extension=<colcon_core.verb.build.BuildVerb object at 0x7d683d038d70>, main=<bound method BuildVerb.main of <colcon_core.verb.build.BuildVerb object at 0x7d683d038d70>>)
[0.655s] Level 1:colcon.colcon_core.package_discovery:discover_packages(colcon_meta) check parameters
[0.656s] Level 1:colcon.colcon_core.package_discovery:discover_packages(recursive) check parameters
[0.656s] Level 1:colcon.colcon_core.package_discovery:discover_packages(ignore) check parameters
[0.657s] Level 1:colcon.colcon_core.package_discovery:discover_packages(path) check parameters
[0.657s] Level 1:colcon.colcon_core.package_discovery:discover_packages(colcon_meta) discover
[0.657s] Level 1:colcon.colcon_core.package_discovery:discover_packages(recursive) discover
[0.658s] INFO:colcon.colcon_core.package_discovery:Crawling recursively for packages in '/home/azivinicius/ros2_ws/src/SPH'
[0.658s] Level 1:colcon.colcon_core.package_identification:_identify(.) by extensions ['ignore', 'ignore_ament_install']
[0.658s] Level 1:colcon.colcon_core.package_identification:_identify(.) by extension 'ignore'
[0.659s] Level 1:colcon.colcon_core.package_identification:_identify(.) by extension 'ignore_ament_install'
[0.659s] Level 1:colcon.colcon_core.package_identification:_identify(.) by extensions ['colcon_pkg']
[0.659s] Level 1:colcon.colcon_core.package_identification:_identify(.) by extension 'colcon_pkg'
[0.659s] Level 1:colcon.colcon_core.package_identification:_identify(.) by extensions ['colcon_meta']
[0.660s] Level 1:colcon.colcon_core.package_identification:_identify(.) by extension 'colcon_meta'
[0.660s] Level 1:colcon.colcon_core.package_identification:_identify(.) by extensions ['ros']
[0.660s] Level 1:colcon.colcon_core.package_identification:_identify(.) by extension 'ros'
[0.778s] DEBUG:colcon.colcon_core.package_identification:Package '.' with type 'ros.ament_python' and name 'SPH'
[0.778s] Level 1:colcon.colcon_core.package_discovery:discover_packages(recursive) using defaults
[0.778s] Level 1:colcon.colcon_core.package_discovery:discover_packages(ignore) discover
[0.778s] Level 1:colcon.colcon_core.package_discovery:discover_packages(ignore) using defaults
[0.778s] Level 1:colcon.colcon_core.package_discovery:discover_packages(path) discover
[0.779s] Level 1:colcon.colcon_core.package_discovery:discover_packages(path) using defaults
[0.860s] Level 5:colcon.colcon_core.verb:set package 'SPH' build argument 'cmake_args' from command line to 'None'
[0.860s] Level 5:colcon.colcon_core.verb:set package 'SPH' build argument 'cmake_target' from command line to 'None'
[0.860s] Level 5:colcon.colcon_core.verb:set package 'SPH' build argument 'cmake_target_skip_unavailable' from command line to 'False'
[0.861s] Level 5:colcon.colcon_core.verb:set package 'SPH' build argument 'cmake_clean_cache' from command line to 'False'
[0.861s] Level 5:colcon.colcon_core.verb:set package 'SPH' build argument 'cmake_clean_first' from command line to 'False'
[0.861s] Level 5:colcon.colcon_core.verb:set package 'SPH' build argument 'cmake_force_configure' from command line to 'False'
[0.861s] Level 5:colcon.colcon_core.verb:set package 'SPH' build argument 'ament_cmake_args' from command line to 'None'
[0.861s] Level 5:colcon.colcon_core.verb:set package 'SPH' build argument 'catkin_cmake_args' from command line to 'None'
[0.862s] Level 5:colcon.colcon_core.verb:set package 'SPH' build argument 'catkin_skip_building_tests' from command line to 'False'
[0.862s] DEBUG:colcon.colcon_core.verb:Building package 'SPH' with the following arguments: {'ament_cmake_args': None, 'build_base': '/home/azivinicius/ros2_ws/src/SPH/build/SPH', 'catkin_cmake_args': None, 'catkin_skip_building_tests': False, 'cmake_args': None, 'cmake_clean_cache': False, 'cmake_clean_first': False, 'cmake_force_configure': False, 'cmake_target': None, 'cmake_target_skip_unavailable': False, 'install_base': '/home/azivinicius/ros2_ws/src/SPH/install/SPH', 'merge_install': False, 'path': '/home/azivinicius/ros2_ws/src/SPH', 'symlink_install': False, 'test_result_base': None}
[0.863s] INFO:colcon.colcon_core.executor:Executing jobs using 'parallel' executor
[0.867s] DEBUG:colcon.colcon_parallel_executor.executor.parallel:run_until_complete
[0.868s] INFO:colcon.colcon_ros.task.ament_python.build:Building ROS package in '/home/azivinicius/ros2_ws/src/SPH' with build type 'ament_python'
[0.868s] Level 1:colcon.colcon_core.shell:create_environment_hook('SPH', 'ament_prefix_path')
[0.878s] INFO:colcon.colcon_core.plugin_system:Skipping extension 'colcon_core.shell.bat': Not used on non-Windows systems
[0.878s] INFO:colcon.colcon_core.shell:Creating environment descriptor '/home/azivinicius/ros2_ws/src/SPH/install/SPH/share/SPH/hook/ament_prefix_path.dsv'
[0.880s] INFO:colcon.colcon_core.shell:Creating environment hook '/home/azivinicius/ros2_ws/src/SPH/install/SPH/share/SPH/hook/ament_prefix_path.sh'
[0.884s] DEBUG:colcon.colcon_core.shell:Skip shell extension 'dsv' for command environment
[1.973s] INFO:colcon.colcon_core.task.python.build:Building Python package in '/home/azivinicius/ros2_ws/src/SPH'
[1.974s] DEBUG:colcon.colcon_core.shell:Skip shell extension 'dsv' for command environment
[5.541s] DEBUG:colcon.colcon_core.event_handler.log_command:Invoking command in '/home/azivinicius/ros2_ws/src/SPH': DEBUGINFOD_URLS=https://debuginfod.ubuntu.com PYTHONPATH=/home/azivinicius/ros2_ws/src/SPH/build/SPH/prefix_override:/usr/lib/python3/dist-packages/colcon_core/task/python/colcon_distutils_commands:/home/azivinicius/ros2_ws/src/SPH/install/SPH/lib/python3.12/site-packages:${PYTHONPATH} /usr/bin/python3 -W ignore:setup.py install is deprecated -W ignore:easy_install command is deprecated setup.py egg_info --egg-base build/SPH build --build-base /home/azivinicius/ros2_ws/src/SPH/build/SPH/build install --record /home/azivinicius/ros2_ws/src/SPH/build/SPH/install.log --single-version-externally-managed install_data
[9.553s] DEBUG:colcon.colcon_core.event_handler.log_command:Invoked command in '/home/azivinicius/ros2_ws/src/SPH' returned '0': DEBUGINFOD_URLS=https://debuginfod.ubuntu.com PYTHONPATH=/home/azivinicius/ros2_ws/src/SPH/build/SPH/prefix_override:/usr/lib/python3/dist-packages/colcon_core/task/python/colcon_distutils_commands:/home/azivinicius/ros2_ws/src/SPH/install/SPH/lib/python3.12/site-packages:${PYTHONPATH} /usr/bin/python3 -W ignore:setup.py install is deprecated -W ignore:easy_install command is deprecated setup.py egg_info --egg-base build/SPH build --build-base /home/azivinicius/ros2_ws/src/SPH/build/SPH/build install --record /home/azivinicius/ros2_ws/src/SPH/build/SPH/install.log --single-version-externally-managed install_data
[9.560s] Level 1:colcon.colcon_core.environment:checking '/home/azivinicius/ros2_ws/src/SPH/install/SPH' for CMake module files
[9.563s] Level 1:colcon.colcon_core.environment:checking '/home/azivinicius/ros2_ws/src/SPH/install/SPH' for CMake config files
[9.566s] Level 1:colcon.colcon_core.environment:checking '/home/azivinicius/ros2_ws/src/SPH/install/SPH/lib'
[9.567s] Level 1:colcon.colcon_core.environment:checking '/home/azivinicius/ros2_ws/src/SPH/install/SPH/bin'
[9.567s] Level 1:colcon.colcon_core.environment:checking '/home/azivinicius/ros2_ws/src/SPH/install/SPH/lib/pkgconfig/SPH.pc'
[9.569s] Level 1:colcon.colcon_core.environment:checking '/home/azivinicius/ros2_ws/src/SPH/install/SPH/lib/python3.12/site-packages'
[9.570s] Level 1:colcon.colcon_core.shell:create_environment_hook('SPH', 'pythonpath')
[9.571s] INFO:colcon.colcon_core.shell:Creating environment descriptor '/home/azivinicius/ros2_ws/src/SPH/install/SPH/share/SPH/hook/pythonpath.dsv'
[9.573s] INFO:colcon.colcon_core.shell:Creating environment hook '/home/azivinicius/ros2_ws/src/SPH/install/SPH/share/SPH/hook/pythonpath.sh'
[9.576s] Level 1:colcon.colcon_core.environment:checking '/home/azivinicius/ros2_ws/src/SPH/install/SPH/bin'
[9.577s] Level 1:colcon.colcon_core.environment:create_environment_scripts_only(SPH)
[9.577s] INFO:colcon.colcon_core.shell:Creating package descriptor '/home/azivinicius/ros2_ws/src/SPH/install/SPH/share/SPH/package.dsv'
[9.580s] INFO:colcon.colcon_core.shell:Creating package script '/home/azivinicius/ros2_ws/src/SPH/install/SPH/share/SPH/package.sh'
[9.583s] INFO:colcon.colcon_core.shell:Creating package script '/home/azivinicius/ros2_ws/src/SPH/install/SPH/share/SPH/package.bash'
[9.586s] INFO:colcon.colcon_core.shell:Creating package script '/home/azivinicius/ros2_ws/src/SPH/install/SPH/share/SPH/package.zsh'
[9.589s] Level 1:colcon.colcon_core.environment:create_file_with_runtime_dependencies(/home/azivinicius/ros2_ws/src/SPH/install/SPH/share/colcon-core/packages/SPH)
[9.590s] DEBUG:colcon.colcon_parallel_executor.executor.parallel:closing loop
[9.593s] DEBUG:colcon.colcon_parallel_executor.executor.parallel:loop closed
[9.593s] DEBUG:colcon.colcon_parallel_executor.executor.parallel:run_until_complete finished with '0'
[9.594s] DEBUG:colcon.colcon_core.event_reactor:joining thread
[9.626s] INFO:colcon.colcon_core.plugin_system:Skipping extension 'colcon_notification.desktop_notification.terminal_notifier': Not used on non-Darwin systems
[9.627s] INFO:colcon.colcon_core.plugin_system:Skipping extension 'colcon_notification.desktop_notification.win32': Not used on non-Windows systems
[9.627s] INFO:colcon.colcon_notification.desktop_notification:Sending desktop notification using 'notify2'
[9.703s] DEBUG:colcon.colcon_core.event_reactor:joined thread
[9.704s] INFO:colcon.colcon_core.shell:Creating prefix script '/home/azivinicius/ros2_ws/src/SPH/install/local_setup.sh'
[9.707s] INFO:colcon.colcon_core.shell:Creating prefix util module '/home/azivinicius/ros2_ws/src/SPH/install/_local_setup_util_sh.py'
[9.715s] INFO:colcon.colcon_core.shell:Creating prefix chain script '/home/azivinicius/ros2_ws/src/SPH/install/setup.sh'
[9.723s] INFO:colcon.colcon_core.shell:Creating prefix script '/home/azivinicius/ros2_ws/src/SPH/install/local_setup.bash'
[9.725s] INFO:colcon.colcon_core.shell:Creating prefix chain script '/home/azivinicius/ros2_ws/src/SPH/install/setup.bash'
[9.733s] INFO:colcon.colcon_core.shell:Creating prefix script '/home/azivinicius/ros2_ws/src/SPH/install/local_setup.zsh'
[9.737s] INFO:colcon.colcon_core.shell:Creating prefix chain script '/home/azivinicius/ros2_ws/src/SPH/install/setup.zsh'
