[4.102s] Invoking command in '/home/azivinicius/ros2_ws/src/SPH/build/SPH': DEBUGINFOD_URLS=https://debuginfod.ubuntu.com PYTHONPATH=/home/azivinicius/ros2_ws/src/SPH/build/SPH/prefix_override:/usr/lib/python3/dist-packages/colcon_core/task/python/colcon_distutils_commands:/home/azivinicius/ros2_ws/src/SPH/install/SPH/lib/python3.12/site-packages:${PYTHONPATH} /usr/bin/python3 -W ignore:setup.py install is deprecated -W ignore:easy_install command is deprecated setup.py develop --uninstall --editable --build-directory /home/azivinicius/ros2_ws/src/SPH/build/SPH/build
[5.654s] running develop
[6.915s] Removing /home/azivinicius/ros2_ws/src/SPH/install/SPH/lib/python3.12/site-packages/SPH.egg-link (link to .)
[7.048s] Invoked command in '/home/azivinicius/ros2_ws/src/SPH/build/SPH' returned '0': DEBUGINFOD_URLS=https://debuginfod.ubuntu.com PYTHONPATH=/home/azivinicius/ros2_ws/src/SPH/build/SPH/prefix_override:/usr/lib/python3/dist-packages/colcon_core/task/python/colcon_distutils_commands:/home/azivinicius/ros2_ws/src/SPH/install/SPH/lib/python3.12/site-packages:${PYTHONPATH} /usr/bin/python3 -W ignore:setup.py install is deprecated -W ignore:easy_install command is deprecated setup.py develop --uninstall --editable --build-directory /home/azivinicius/ros2_ws/src/SPH/build/SPH/build
[7.053s] Invoking command in '/home/azivinicius/ros2_ws/src/SPH': DEBUGINFOD_URLS=https://debuginfod.ubuntu.com PYTHONPATH=/home/azivinicius/ros2_ws/src/SPH/build/SPH/prefix_override:/usr/lib/python3/dist-packages/colcon_core/task/python/colcon_distutils_commands:/home/azivinicius/ros2_ws/src/SPH/install/SPH/lib/python3.12/site-packages:${PYTHONPATH} /usr/bin/python3 -W ignore:setup.py install is deprecated -W ignore:easy_install command is deprecated setup.py egg_info --egg-base build/SPH build --build-base /home/azivinicius/ros2_ws/src/SPH/build/SPH/build install --record /home/azivinicius/ros2_ws/src/SPH/build/SPH/install.log --single-version-externally-managed install_data --force
[8.600s] running egg_info
[8.730s] writing build/SPH/SPH.egg-info/PKG-INFO
[8.731s] writing dependency_links to build/SPH/SPH.egg-info/dependency_links.txt
[8.732s] writing entry points to build/SPH/SPH.egg-info/entry_points.txt
[8.733s] writing requirements to build/SPH/SPH.egg-info/requires.txt
[8.733s] writing top-level names to build/SPH/SPH.egg-info/top_level.txt
[8.999s] reading manifest file 'build/SPH/SPH.egg-info/SOURCES.txt'
[9.000s] adding license file 'LICENSE'
[9.003s] writing manifest file 'build/SPH/SPH.egg-info/SOURCES.txt'
[9.004s] running build
[9.004s] running build_py
[9.005s] creating /home/azivinicius/ros2_ws/src/SPH/build/SPH/build
[9.006s] creating /home/azivinicius/ros2_ws/src/SPH/build/SPH/build/lib
[9.006s] creating /home/azivinicius/ros2_ws/src/SPH/build/SPH/build/lib/SPH
[9.007s] copying SPH/occupancy_grid.py -> /home/azivinicius/ros2_ws/src/SPH/build/SPH/build/lib/SPH
[9.008s] copying SPH/potential2.py -> /home/azivinicius/ros2_ws/src/SPH/build/SPH/build/lib/SPH
[9.009s] copying SPH/diff_sph.py -> /home/azivinicius/ros2_ws/src/SPH/build/SPH/build/lib/SPH
[9.010s] copying SPH/potential.py -> /home/azivinicius/ros2_ws/src/SPH/build/SPH/build/lib/SPH
[9.011s] copying SPH/basic_potential.py -> /home/azivinicius/ros2_ws/src/SPH/build/SPH/build/lib/SPH
[9.011s] copying SPH/particle.py -> /home/azivinicius/ros2_ws/src/SPH/build/SPH/build/lib/SPH
[9.012s] copying SPH/decentralized.py -> /home/azivinicius/ros2_ws/src/SPH/build/SPH/build/lib/SPH
[9.012s] copying SPH/__init__.py -> /home/azivinicius/ros2_ws/src/SPH/build/SPH/build/lib/SPH
[9.013s] running install
[9.040s] running install_lib
[9.236s] creating /home/azivinicius/ros2_ws/src/SPH/install/SPH/lib/python3.12/site-packages/SPH
[9.238s] copying /home/azivinicius/ros2_ws/src/SPH/build/SPH/build/lib/SPH/occupancy_grid.py -> /home/azivinicius/ros2_ws/src/SPH/install/SPH/lib/python3.12/site-packages/SPH
[9.240s] copying /home/azivinicius/ros2_ws/src/SPH/build/SPH/build/lib/SPH/potential2.py -> /home/azivinicius/ros2_ws/src/SPH/install/SPH/lib/python3.12/site-packages/SPH
[9.242s] copying /home/azivinicius/ros2_ws/src/SPH/build/SPH/build/lib/SPH/diff_sph.py -> /home/azivinicius/ros2_ws/src/SPH/install/SPH/lib/python3.12/site-packages/SPH
[9.243s] copying /home/azivinicius/ros2_ws/src/SPH/build/SPH/build/lib/SPH/potential.py -> /home/azivinicius/ros2_ws/src/SPH/install/SPH/lib/python3.12/site-packages/SPH
[9.243s] copying /home/azivinicius/ros2_ws/src/SPH/build/SPH/build/lib/SPH/basic_potential.py -> /home/azivinicius/ros2_ws/src/SPH/install/SPH/lib/python3.12/site-packages/SPH
[9.244s] copying /home/azivinicius/ros2_ws/src/SPH/build/SPH/build/lib/SPH/particle.py -> /home/azivinicius/ros2_ws/src/SPH/install/SPH/lib/python3.12/site-packages/SPH
[9.246s] copying /home/azivinicius/ros2_ws/src/SPH/build/SPH/build/lib/SPH/decentralized.py -> /home/azivinicius/ros2_ws/src/SPH/install/SPH/lib/python3.12/site-packages/SPH
[9.247s] copying /home/azivinicius/ros2_ws/src/SPH/build/SPH/build/lib/SPH/__init__.py -> /home/azivinicius/ros2_ws/src/SPH/install/SPH/lib/python3.12/site-packages/SPH
[9.248s] byte-compiling /home/azivinicius/ros2_ws/src/SPH/install/SPH/lib/python3.12/site-packages/SPH/occupancy_grid.py to occupancy_grid.cpython-312.pyc
[9.254s] byte-compiling /home/azivinicius/ros2_ws/src/SPH/install/SPH/lib/python3.12/site-packages/SPH/potential2.py to potential2.cpython-312.pyc
[9.260s] byte-compiling /home/azivinicius/ros2_ws/src/SPH/install/SPH/lib/python3.12/site-packages/SPH/diff_sph.py to diff_sph.cpython-312.pyc
[9.278s] byte-compiling /home/azivinicius/ros2_ws/src/SPH/install/SPH/lib/python3.12/site-packages/SPH/potential.py to potential.cpython-312.pyc
[9.280s] byte-compiling /home/azivinicius/ros2_ws/src/SPH/install/SPH/lib/python3.12/site-packages/SPH/basic_potential.py to basic_potential.cpython-312.pyc
[9.300s] byte-compiling /home/azivinicius/ros2_ws/src/SPH/install/SPH/lib/python3.12/site-packages/SPH/particle.py to particle.cpython-312.pyc
[9.311s] byte-compiling /home/azivinicius/ros2_ws/src/SPH/install/SPH/lib/python3.12/site-packages/SPH/decentralized.py to decentralized.cpython-312.pyc
[9.322s] byte-compiling /home/azivinicius/ros2_ws/src/SPH/install/SPH/lib/python3.12/site-packages/SPH/__init__.py to __init__.cpython-312.pyc
[9.323s] running install_data
[9.323s] copying resource/SPH -> /home/azivinicius/ros2_ws/src/SPH/install/SPH/share/ament_index/resource_index/packages
[9.324s] copying package.xml -> /home/azivinicius/ros2_ws/src/SPH/install/SPH/share/SPH
[9.325s] copying launch/decentralized.launch.py -> /home/azivinicius/ros2_ws/src/SPH/install/SPH/share/SPH/launch
[9.325s] copying launch/diff.launch.py -> /home/azivinicius/ros2_ws/src/SPH/install/SPH/share/SPH/launch
[9.326s] copying worlds/tpf_simple.world -> /home/azivinicius/ros2_ws/src/SPH/install/SPH/share/SPH/worlds
[9.327s] copying worlds/tpf_arena02.world -> /home/azivinicius/ros2_ws/src/SPH/install/SPH/share/SPH/worlds
[9.327s] copying worlds/tpf_arena.world -> /home/azivinicius/ros2_ws/src/SPH/install/SPH/share/SPH/worlds
[9.328s] creating /home/azivinicius/ros2_ws/src/SPH/install/SPH/share/SPH/worlds/meshes
[9.329s] copying worlds/meshes/map_arena.stl -> /home/azivinicius/ros2_ws/src/SPH/install/SPH/share/SPH/worlds/meshes
[9.440s] copying worlds/meshes/map_comp.stl -> /home/azivinicius/ros2_ws/src/SPH/install/SPH/share/SPH/worlds/meshes
[9.517s] copying worlds/meshes/map_simple.stl -> /home/azivinicius/ros2_ws/src/SPH/install/SPH/share/SPH/worlds/meshes
[9.534s] copying maps/map_arena.pgm -> /home/azivinicius/ros2_ws/src/SPH/install/SPH/share/SPH/maps
[9.537s] copying maps/map_complex.yaml -> /home/azivinicius/ros2_ws/src/SPH/install/SPH/share/SPH/maps
[9.538s] copying maps/map_arena.yaml -> /home/azivinicius/ros2_ws/src/SPH/install/SPH/share/SPH/maps
[9.539s] copying maps/map_maze.pgm -> /home/azivinicius/ros2_ws/src/SPH/install/SPH/share/SPH/maps
[9.542s] copying maps/map_maze.yaml -> /home/azivinicius/ros2_ws/src/SPH/install/SPH/share/SPH/maps
[9.543s] copying maps/map_arena_old.yaml -> /home/azivinicius/ros2_ws/src/SPH/install/SPH/share/SPH/maps
[9.544s] copying maps/map_mazeold.yaml -> /home/azivinicius/ros2_ws/src/SPH/install/SPH/share/SPH/maps
[9.545s] copying maps/map_arena_old.pgm -> /home/azivinicius/ros2_ws/src/SPH/install/SPH/share/SPH/maps
[9.547s] copying maps/map_mazeold.pgm -> /home/azivinicius/ros2_ws/src/SPH/install/SPH/share/SPH/maps
[9.550s] copying maps/map_complex.pgm -> /home/azivinicius/ros2_ws/src/SPH/install/SPH/share/SPH/maps
[9.556s] copying urdf/robot.urdf.xacro -> /home/azivinicius/ros2_ws/src/SPH/install/SPH/share/SPH/urdf
[9.557s] running install_egg_info
[9.704s] Copying build/SPH/SPH.egg-info to /home/azivinicius/ros2_ws/src/SPH/install/SPH/lib/python3.12/site-packages/SPH-0.0.0-py3.12.egg-info
[9.710s] running install_scripts
[10.555s] Installing basic script to /home/azivinicius/ros2_ws/src/SPH/install/SPH/lib/SPH
[10.556s] Installing decentralized script to /home/azivinicius/ros2_ws/src/SPH/install/SPH/lib/SPH
[10.557s] Installing diff_sph script to /home/azivinicius/ros2_ws/src/SPH/install/SPH/lib/SPH
[10.558s] Installing occupancy_grid script to /home/azivinicius/ros2_ws/src/SPH/install/SPH/lib/SPH
[10.559s] writing list of installed files to '/home/azivinicius/ros2_ws/src/SPH/build/SPH/install.log'
[10.680s] Invoked command in '/home/azivinicius/ros2_ws/src/SPH' returned '0': DEBUGINFOD_URLS=https://debuginfod.ubuntu.com PYTHONPATH=/home/azivinicius/ros2_ws/src/SPH/build/SPH/prefix_override:/usr/lib/python3/dist-packages/colcon_core/task/python/colcon_distutils_commands:/home/azivinicius/ros2_ws/src/SPH/install/SPH/lib/python3.12/site-packages:${PYTHONPATH} /usr/bin/python3 -W ignore:setup.py install is deprecated -W ignore:easy_install command is deprecated setup.py egg_info --egg-base build/SPH build --build-base /home/azivinicius/ros2_ws/src/SPH/build/SPH/build install --record /home/azivinicius/ros2_ws/src/SPH/build/SPH/install.log --single-version-externally-managed install_data --force
