[3.909s] Invoking command in '/home/azivinicius/ros2_ws/src/SPH': DEBUGINFOD_URLS=https://debuginfod.ubuntu.com PYTHONPATH=/home/azivinicius/ros2_ws/src/SPH/build/SPH/prefix_override:/usr/lib/python3/dist-packages/colcon_core/task/python/colcon_distutils_commands:/home/azivinicius/ros2_ws/src/SPH/install/SPH/lib/python3.12/site-packages:${PYTHONPATH} /usr/bin/python3 -W ignore:setup.py install is deprecated -W ignore:easy_install command is deprecated setup.py egg_info --egg-base build/SPH build --build-base /home/azivinicius/ros2_ws/src/SPH/build/SPH/build install --record /home/azivinicius/ros2_ws/src/SPH/build/SPH/install.log --single-version-externally-managed install_data
[5.447s] running egg_info
[5.578s] writing build/SPH/SPH.egg-info/PKG-INFO
[5.579s] writing dependency_links to build/SPH/SPH.egg-info/dependency_links.txt
[5.580s] writing entry points to build/SPH/SPH.egg-info/entry_points.txt
[5.581s] writing requirements to build/SPH/SPH.egg-info/requires.txt
[5.581s] writing top-level names to build/SPH/SPH.egg-info/top_level.txt
[5.820s] reading manifest file 'build/SPH/SPH.egg-info/SOURCES.txt'
[5.821s] adding license file 'LICENSE'
[5.824s] writing manifest file 'build/SPH/SPH.egg-info/SOURCES.txt'
[5.824s] running build
[5.825s] running build_py
[5.826s] running install
[5.855s] running install_lib
[5.981s] running install_data
[5.983s] running install_egg_info
[6.112s] removing '/home/azivinicius/ros2_ws/src/SPH/install/SPH/lib/python3.12/site-packages/SPH-0.0.0-py3.12.egg-info' (and everything under it)
[6.114s] Copying build/SPH/SPH.egg-info to /home/azivinicius/ros2_ws/src/SPH/install/SPH/lib/python3.12/site-packages/SPH-0.0.0-py3.12.egg-info
[6.118s] running install_scripts
[6.862s] Installing basic script to /home/azivinicius/ros2_ws/src/SPH/install/SPH/lib/SPH
[6.863s] Installing decentralized script to /home/azivinicius/ros2_ws/src/SPH/install/SPH/lib/SPH
[6.864s] Installing diff_sph script to /home/azivinicius/ros2_ws/src/SPH/install/SPH/lib/SPH
[6.865s] Installing occupancy_grid script to /home/azivinicius/ros2_ws/src/SPH/install/SPH/lib/SPH
[6.866s] writing list of installed files to '/home/azivinicius/ros2_ws/src/SPH/build/SPH/install.log'
[6.980s] Invoked command in '/home/azivinicius/ros2_ws/src/SPH' returned '0': DEBUGINFOD_URLS=https://debuginfod.ubuntu.com PYTHONPATH=/home/azivinicius/ros2_ws/src/SPH/build/SPH/prefix_override:/usr/lib/python3/dist-packages/colcon_core/task/python/colcon_distutils_commands:/home/azivinicius/ros2_ws/src/SPH/install/SPH/lib/python3.12/site-packages:${PYTHONPATH} /usr/bin/python3 -W ignore:setup.py install is deprecated -W ignore:easy_install command is deprecated setup.py egg_info --egg-base build/SPH build --build-base /home/azivinicius/ros2_ws/src/SPH/build/SPH/build install --record /home/azivinicius/ros2_ws/src/SPH/build/SPH/install.log --single-version-externally-managed install_data
