[0.556s] DEBUG:colcon:Command line arguments: ['/usr/bin/colcon', 'build', '--packages-select', 'SPH']
[0.557s] DEBUG:colcon:Parsed command line arguments: Namespace(log_base=None, log_level=None, verb_name='build', build_base='build', install_base='install', merge_install=False, symlink_install=False, test_result_base=None, continue_on_error=False, executor='parallel', parallel_workers=8, event_handlers=None, ignore_user_meta=False, metas=['./colcon.meta'], base_paths=['.'], packages_ignore=None, packages_ignore_regex=None, paths=None, packages_up_to=None, packages_up_to_regex=None, packages_above=None, packages_above_and_dependencies=None, packages_above_depth=None, packages_select_by_dep=None, packages_skip_by_dep=None, packages_skip_up_to=None, packages_select_build_failed=False, packages_skip_build_finished=False, packages_select_test_failures=False, packages_skip_test_passed=False, packages_select=['SPH'], packages_skip=None, packages_select_regex=None, packages_skip_regex=None, packages_start=None, packages_end=None, cmake_args=None, cmake_target=None, cmake_target_skip_unavailable=False, cmake_clean_cache=False, cmake_clean_first=False, cmake_force_configure=False, ament_cmake_args=None, catkin_cmake_args=None, catkin_skip_building_tests=False, verb_parser=<colcon_defaults.argument_parser.defaults.DefaultArgumentsDecorator object at 0x71c6fdc355b0>, verb_extension=<colcon_core.verb.build.BuildVerb object at 0x71c6fdc352e0>, main=<bound method BuildVerb.main of <colcon_core.verb.build.BuildVerb object at 0x71c6fdc352e0>>)
[0.786s] Level 1:colcon.colcon_core.package_discovery:discover_packages(colcon_meta) check parameters
[0.786s] Level 1:colcon.colcon_core.package_discovery:discover_packages(recursive) check parameters
[0.787s] Level 1:colcon.colcon_core.package_discovery:discover_packages(ignore) check parameters
[0.787s] Level 1:colcon.colcon_core.package_discovery:discover_packages(path) check parameters
[0.787s] Level 1:colcon.colcon_core.package_discovery:discover_packages(colcon_meta) discover
[0.788s] Level 1:colcon.colcon_core.package_discovery:discover_packages(recursive) discover
[0.788s] INFO:colcon.colcon_core.package_discovery:Crawling recursively for packages in '/home/azivinicius/ros2_ws/src/SPH'
[0.789s] Level 1:colcon.colcon_core.package_identification:_identify(.) by extensions ['ignore', 'ignore_ament_install']
[0.790s] Level 1:colcon.colcon_core.package_identification:_identify(.) by extension 'ignore'
[0.791s] Level 1:colcon.colcon_core.package_identification:_identify(.) by extension 'ignore_ament_install'
[0.792s] Level 1:colcon.colcon_core.package_identification:_identify(.) by extensions ['colcon_pkg']
[0.792s] Level 1:colcon.colcon_core.package_identification:_identify(.) by extension 'colcon_pkg'
[0.792s] Level 1:colcon.colcon_core.package_identification:_identify(.) by extensions ['colcon_meta']
[0.793s] Level 1:colcon.colcon_core.package_identification:_identify(.) by extension 'colcon_meta'
[0.793s] Level 1:colcon.colcon_core.package_identification:_identify(.) by extensions ['ros']
[0.793s] Level 1:colcon.colcon_core.package_identification:_identify(.) by extension 'ros'
[0.970s] DEBUG:colcon.colcon_core.package_identification:Package '.' with type 'ros.ament_python' and name 'SPH'
[0.971s] Level 1:colcon.colcon_core.package_discovery:discover_packages(recursive) using defaults
[0.971s] Level 1:colcon.colcon_core.package_discovery:discover_packages(ignore) discover
[0.971s] Level 1:colcon.colcon_core.package_discovery:discover_packages(ignore) using defaults
[0.971s] Level 1:colcon.colcon_core.package_discovery:discover_packages(path) discover
[0.971s] Level 1:colcon.colcon_core.package_discovery:discover_packages(path) using defaults
[1.051s] Level 5:colcon.colcon_core.verb:set package 'SPH' build argument 'cmake_args' from command line to 'None'
[1.051s] Level 5:colcon.colcon_core.verb:set package 'SPH' build argument 'cmake_target' from command line to 'None'
[1.051s] Level 5:colcon.colcon_core.verb:set package 'SPH' build argument 'cmake_target_skip_unavailable' from command line to 'False'
[1.052s] Level 5:colcon.colcon_core.verb:set package 'SPH' build argument 'cmake_clean_cache' from command line to 'False'
[1.052s] Level 5:colcon.colcon_core.verb:set package 'SPH' build argument 'cmake_clean_first' from command line to 'False'
[1.052s] Level 5:colcon.colcon_core.verb:set package 'SPH' build argument 'cmake_force_configure' from command line to 'False'
[1.052s] Level 5:colcon.colcon_core.verb:set package 'SPH' build argument 'ament_cmake_args' from command line to 'None'
[1.052s] Level 5:colcon.colcon_core.verb:set package 'SPH' build argument 'catkin_cmake_args' from command line to 'None'
[1.052s] Level 5:colcon.colcon_core.verb:set package 'SPH' build argument 'catkin_skip_building_tests' from command line to 'False'
[1.053s] DEBUG:colcon.colcon_core.verb:Building package 'SPH' with the following arguments: {'ament_cmake_args': None, 'build_base': '/home/azivinicius/ros2_ws/src/SPH/build/SPH', 'catkin_cmake_args': None, 'catkin_skip_building_tests': False, 'cmake_args': None, 'cmake_clean_cache': False, 'cmake_clean_first': False, 'cmake_force_configure': False, 'cmake_target': None, 'cmake_target_skip_unavailable': False, 'install_base': '/home/azivinicius/ros2_ws/src/SPH/install/SPH', 'merge_install': False, 'path': '/home/azivinicius/ros2_ws/src/SPH', 'symlink_install': False, 'test_result_base': None}
[1.053s] INFO:colcon.colcon_core.executor:Executing jobs using 'parallel' executor
[1.058s] DEBUG:colcon.colcon_parallel_executor.executor.parallel:run_until_complete
[1.060s] INFO:colcon.colcon_ros.task.ament_python.build:Building ROS package in '/home/azivinicius/ros2_ws/src/SPH' with build type 'ament_python'
[1.060s] Level 1:colcon.colcon_core.shell:create_environment_hook('SPH', 'ament_prefix_path')
[1.069s] INFO:colcon.colcon_core.plugin_system:Skipping extension 'colcon_core.shell.bat': Not used on non-Windows systems
[1.070s] INFO:colcon.colcon_core.shell:Creating environment descriptor '/home/azivinicius/ros2_ws/src/SPH/install/SPH/share/SPH/hook/ament_prefix_path.dsv'
[1.072s] INFO:colcon.colcon_core.shell:Creating environment hook '/home/azivinicius/ros2_ws/src/SPH/install/SPH/share/SPH/hook/ament_prefix_path.sh'
[1.076s] DEBUG:colcon.colcon_core.shell:Skip shell extension 'dsv' for command environment
[2.174s] INFO:colcon.colcon_core.task.python.build:Building Python package in '/home/azivinicius/ros2_ws/src/SPH'
[2.175s] DEBUG:colcon.colcon_core.shell:Skip shell extension 'dsv' for command environment
[4.607s] DEBUG:colcon.colcon_core.event_handler.log_command:Invoking command in '/home/azivinicius/ros2_ws/src/SPH': DEBUGINFOD_URLS=https://debuginfod.ubuntu.com PYTHONPATH=/home/azivinicius/ros2_ws/src/SPH/build/SPH/prefix_override:/usr/lib/python3/dist-packages/colcon_core/task/python/colcon_distutils_commands:/home/azivinicius/ros2_ws/src/SPH/install/SPH/lib/python3.12/site-packages:${PYTHONPATH} /usr/bin/python3 -W ignore:setup.py install is deprecated -W ignore:easy_install command is deprecated setup.py egg_info --egg-base build/SPH build --build-base /home/azivinicius/ros2_ws/src/SPH/build/SPH/build install --record /home/azivinicius/ros2_ws/src/SPH/build/SPH/install.log --single-version-externally-managed install_data
[6.768s] DEBUG:colcon.colcon_core.event_handler.log_command:Invoked command in '/home/azivinicius/ros2_ws/src/SPH' returned '0': DEBUGINFOD_URLS=https://debuginfod.ubuntu.com PYTHONPATH=/home/azivinicius/ros2_ws/src/SPH/build/SPH/prefix_override:/usr/lib/python3/dist-packages/colcon_core/task/python/colcon_distutils_commands:/home/azivinicius/ros2_ws/src/SPH/install/SPH/lib/python3.12/site-packages:${PYTHONPATH} /usr/bin/python3 -W ignore:setup.py install is deprecated -W ignore:easy_install command is deprecated setup.py egg_info --egg-base build/SPH build --build-base /home/azivinicius/ros2_ws/src/SPH/build/SPH/build install --record /home/azivinicius/ros2_ws/src/SPH/build/SPH/install.log --single-version-externally-managed install_data
[6.776s] Level 1:colcon.colcon_core.environment:checking '/home/azivinicius/ros2_ws/src/SPH/install/SPH' for CMake module files
[6.778s] Level 1:colcon.colcon_core.environment:checking '/home/azivinicius/ros2_ws/src/SPH/install/SPH' for CMake config files
[6.780s] Level 1:colcon.colcon_core.environment:checking '/home/azivinicius/ros2_ws/src/SPH/install/SPH/lib'
[6.781s] Level 1:colcon.colcon_core.environment:checking '/home/azivinicius/ros2_ws/src/SPH/install/SPH/bin'
[6.781s] Level 1:colcon.colcon_core.environment:checking '/home/azivinicius/ros2_ws/src/SPH/install/SPH/lib/pkgconfig/SPH.pc'
[6.782s] Level 1:colcon.colcon_core.environment:checking '/home/azivinicius/ros2_ws/src/SPH/install/SPH/lib/python3.12/site-packages'
[6.782s] Level 1:colcon.colcon_core.shell:create_environment_hook('SPH', 'pythonpath')
[6.783s] INFO:colcon.colcon_core.shell:Creating environment descriptor '/home/azivinicius/ros2_ws/src/SPH/install/SPH/share/SPH/hook/pythonpath.dsv'
[6.784s] INFO:colcon.colcon_core.shell:Creating environment hook '/home/azivinicius/ros2_ws/src/SPH/install/SPH/share/SPH/hook/pythonpath.sh'
[6.787s] Level 1:colcon.colcon_core.environment:checking '/home/azivinicius/ros2_ws/src/SPH/install/SPH/bin'
[6.788s] Level 1:colcon.colcon_core.environment:create_environment_scripts_only(SPH)
[6.789s] INFO:colcon.colcon_core.shell:Creating package descriptor '/home/azivinicius/ros2_ws/src/SPH/install/SPH/share/SPH/package.dsv'
[6.792s] INFO:colcon.colcon_core.shell:Creating package script '/home/azivinicius/ros2_ws/src/SPH/install/SPH/share/SPH/package.sh'
[6.794s] INFO:colcon.colcon_core.shell:Creating package script '/home/azivinicius/ros2_ws/src/SPH/install/SPH/share/SPH/package.bash'
[6.797s] INFO:colcon.colcon_core.shell:Creating package script '/home/azivinicius/ros2_ws/src/SPH/install/SPH/share/SPH/package.zsh'
[6.799s] Level 1:colcon.colcon_core.environment:create_file_with_runtime_dependencies(/home/azivinicius/ros2_ws/src/SPH/install/SPH/share/colcon-core/packages/SPH)
[6.799s] DEBUG:colcon.colcon_parallel_executor.executor.parallel:closing loop
[6.800s] DEBUG:colcon.colcon_parallel_executor.executor.parallel:loop closed
[6.801s] DEBUG:colcon.colcon_parallel_executor.executor.parallel:run_until_complete finished with '0'
[6.801s] DEBUG:colcon.colcon_core.event_reactor:joining thread
[6.820s] INFO:colcon.colcon_core.plugin_system:Skipping extension 'colcon_notification.desktop_notification.terminal_notifier': Not used on non-Darwin systems
[6.820s] INFO:colcon.colcon_core.plugin_system:Skipping extension 'colcon_notification.desktop_notification.win32': Not used on non-Windows systems
[6.821s] INFO:colcon.colcon_notification.desktop_notification:Sending desktop notification using 'notify2'
[6.868s] DEBUG:colcon.colcon_core.event_reactor:joined thread
[6.869s] INFO:colcon.colcon_core.shell:Creating prefix script '/home/azivinicius/ros2_ws/src/SPH/install/local_setup.sh'
[6.872s] INFO:colcon.colcon_core.shell:Creating prefix util module '/home/azivinicius/ros2_ws/src/SPH/install/_local_setup_util_sh.py'
[6.876s] INFO:colcon.colcon_core.shell:Creating prefix chain script '/home/azivinicius/ros2_ws/src/SPH/install/setup.sh'
[6.880s] INFO:colcon.colcon_core.shell:Creating prefix script '/home/azivinicius/ros2_ws/src/SPH/install/local_setup.bash'
[6.881s] INFO:colcon.colcon_core.shell:Creating prefix chain script '/home/azivinicius/ros2_ws/src/SPH/install/setup.bash'
[6.885s] INFO:colcon.colcon_core.shell:Creating prefix script '/home/azivinicius/ros2_ws/src/SPH/install/local_setup.zsh'
[6.887s] INFO:colcon.colcon_core.shell:Creating prefix chain script '/home/azivinicius/ros2_ws/src/SPH/install/setup.zsh'
