running egg_info
writing build/SPH/SPH.egg-info/PKG-INFO
writing dependency_links to build/SPH/SPH.egg-info/dependency_links.txt
writing entry points to build/SPH/SPH.egg-info/entry_points.txt
writing requirements to build/SPH/SPH.egg-info/requires.txt
writing top-level names to build/SPH/SPH.egg-info/top_level.txt
reading manifest file 'build/SPH/SPH.egg-info/SOURCES.txt'
adding license file 'LICENSE'
writing manifest file 'build/SPH/SPH.egg-info/SOURCES.txt'
running build
running build_py
running install
running install_lib
running install_data
copying launch/diff.launch.py -> /home/azivinicius/ros2_ws/src/SPH/install/SPH/share/SPH/launch
copying worlds/tpf_simple.world -> /home/azivinicius/ros2_ws/src/SPH/install/SPH/share/SPH/worlds
copying worlds/tpf_arena02.world -> /home/azivinicius/ros2_ws/src/SPH/install/SPH/share/SPH/worlds
copying worlds/tpf_arena.world -> /home/azivinicius/ros2_ws/src/SPH/install/SPH/share/SPH/worlds
copying worlds/meshes/map_arena.stl -> /home/azivinicius/ros2_ws/src/SPH/install/SPH/share/SPH/worlds/meshes
copying worlds/meshes/map_comp.stl -> /home/azivinicius/ros2_ws/src/SPH/install/SPH/share/SPH/worlds/meshes
copying worlds/meshes/map_simple.stl -> /home/azivinicius/ros2_ws/src/SPH/install/SPH/share/SPH/worlds/meshes
running install_egg_info
removing '/home/azivinicius/ros2_ws/src/SPH/install/SPH/lib/python3.12/site-packages/SPH-0.0.0-py3.12.egg-info' (and everything under it)
Copying build/SPH/SPH.egg-info to /home/azivinicius/ros2_ws/src/SPH/install/SPH/lib/python3.12/site-packages/SPH-0.0.0-py3.12.egg-info
running install_scripts
Installing basic script to /home/azivinicius/ros2_ws/src/SPH/install/SPH/lib/SPH
Installing decentralized script to /home/azivinicius/ros2_ws/src/SPH/install/SPH/lib/SPH
Installing diff_sph script to /home/azivinicius/ros2_ws/src/SPH/install/SPH/lib/SPH
Installing occupancy_grid script to /home/azivinicius/ros2_ws/src/SPH/install/SPH/lib/SPH
writing list of installed files to '/home/azivinicius/ros2_ws/src/SPH/build/SPH/install.log'
