[3.970s] Invoking command in '/home/azivinicius/ros2_ws/src/SPH': DEBUGINFOD_URLS=https://debuginfod.ubuntu.com PYTHONPATH=/home/azivinicius/ros2_ws/src/SPH/build/SPH/prefix_override:/usr/lib/python3/dist-packages/colcon_core/task/python/colcon_distutils_commands:/home/azivinicius/ros2_ws/src/SPH/install/SPH/lib/python3.12/site-packages:${PYTHONPATH} /usr/bin/python3 -W ignore:setup.py install is deprecated -W ignore:easy_install command is deprecated setup.py egg_info --egg-base build/SPH build --build-base /home/azivinicius/ros2_ws/src/SPH/build/SPH/build install --record /home/azivinicius/ros2_ws/src/SPH/build/SPH/install.log --single-version-externally-managed install_data
[5.556s] running egg_info
[5.670s] writing build/SPH/SPH.egg-info/PKG-INFO
[5.671s] writing dependency_links to build/SPH/SPH.egg-info/dependency_links.txt
[5.672s] writing entry points to build/SPH/SPH.egg-info/entry_points.txt
[5.673s] writing requirements to build/SPH/SPH.egg-info/requires.txt
[5.673s] writing top-level names to build/SPH/SPH.egg-info/top_level.txt
[5.920s] reading manifest file 'build/SPH/SPH.egg-info/SOURCES.txt'
[5.921s] adding license file 'LICENSE'
[5.925s] writing manifest file 'build/SPH/SPH.egg-info/SOURCES.txt'
[5.926s] running build
[5.927s] running build_py
[5.929s] running install
[5.958s] running install_lib
[6.074s] running install_data
[6.075s] copying launch/diff.launch.py -> /home/azivinicius/ros2_ws/src/SPH/install/SPH/share/SPH/launch
[6.076s] copying worlds/tpf_simple.world -> /home/azivinicius/ros2_ws/src/SPH/install/SPH/share/SPH/worlds
[6.076s] copying worlds/tpf_arena02.world -> /home/azivinicius/ros2_ws/src/SPH/install/SPH/share/SPH/worlds
[6.077s] copying worlds/tpf_arena.world -> /home/azivinicius/ros2_ws/src/SPH/install/SPH/share/SPH/worlds
[6.077s] copying worlds/meshes/map_arena.stl -> /home/azivinicius/ros2_ws/src/SPH/install/SPH/share/SPH/worlds/meshes
[6.157s] copying worlds/meshes/map_comp.stl -> /home/azivinicius/ros2_ws/src/SPH/install/SPH/share/SPH/worlds/meshes
[6.219s] copying worlds/meshes/map_simple.stl -> /home/azivinicius/ros2_ws/src/SPH/install/SPH/share/SPH/worlds/meshes
[6.242s] running install_egg_info
[6.370s] removing '/home/azivinicius/ros2_ws/src/SPH/install/SPH/lib/python3.12/site-packages/SPH-0.0.0-py3.12.egg-info' (and everything under it)
[6.373s] Copying build/SPH/SPH.egg-info to /home/azivinicius/ros2_ws/src/SPH/install/SPH/lib/python3.12/site-packages/SPH-0.0.0-py3.12.egg-info
[6.379s] running install_scripts
[7.404s] Installing basic script to /home/azivinicius/ros2_ws/src/SPH/install/SPH/lib/SPH
[7.405s] Installing decentralized script to /home/azivinicius/ros2_ws/src/SPH/install/SPH/lib/SPH
[7.406s] Installing diff_sph script to /home/azivinicius/ros2_ws/src/SPH/install/SPH/lib/SPH
[7.408s] Installing occupancy_grid script to /home/azivinicius/ros2_ws/src/SPH/install/SPH/lib/SPH
[7.409s] writing list of installed files to '/home/azivinicius/ros2_ws/src/SPH/build/SPH/install.log'
[7.569s] Invoked command in '/home/azivinicius/ros2_ws/src/SPH' returned '0': DEBUGINFOD_URLS=https://debuginfod.ubuntu.com PYTHONPATH=/home/azivinicius/ros2_ws/src/SPH/build/SPH/prefix_override:/usr/lib/python3/dist-packages/colcon_core/task/python/colcon_distutils_commands:/home/azivinicius/ros2_ws/src/SPH/install/SPH/lib/python3.12/site-packages:${PYTHONPATH} /usr/bin/python3 -W ignore:setup.py install is deprecated -W ignore:easy_install command is deprecated setup.py egg_info --egg-base build/SPH build --build-base /home/azivinicius/ros2_ws/src/SPH/build/SPH/build install --record /home/azivinicius/ros2_ws/src/SPH/build/SPH/install.log --single-version-externally-managed install_data
