[4.854s] Invoking command in '/home/azivinicius/ros2_ws/src/SPH/build/SPH': DEBUGINFOD_URLS=https://debuginfod.ubuntu.com PYTHONPATH=/home/azivinicius/ros2_ws/src/SPH/build/SPH/prefix_override:/usr/lib/python3/dist-packages/colcon_core/task/python/colcon_distutils_commands:/home/azivinicius/ros2_ws/src/SPH/install/SPH/lib/python3.12/site-packages:${PYTHONPATH} /usr/bin/python3 -W ignore:setup.py install is deprecated -W ignore:easy_install command is deprecated setup.py develop --editable --build-directory /home/azivinicius/ros2_ws/src/SPH/build/SPH/build --no-deps symlink_data
[6.658s] running develop
[7.930s] running egg_info
[8.058s] writing SPH.egg-info/PKG-INFO
[8.059s] writing dependency_links to SPH.egg-info/dependency_links.txt
[8.060s] writing entry points to SPH.egg-info/entry_points.txt
[8.061s] writing requirements to SPH.egg-info/requires.txt
[8.062s] writing top-level names to SPH.egg-info/top_level.txt
[8.316s] reading manifest file 'SPH.egg-info/SOURCES.txt'
[8.321s] writing manifest file 'SPH.egg-info/SOURCES.txt'
[8.452s] running build_ext
[8.455s] Creating /home/azivinicius/ros2_ws/src/SPH/install/SPH/lib/python3.12/site-packages/SPH.egg-link (link to .)
[8.458s] Installing basic script to /home/azivinicius/ros2_ws/src/SPH/install/SPH/lib/SPH
[8.459s] Installing diff_sph script to /home/azivinicius/ros2_ws/src/SPH/install/SPH/lib/SPH
[8.460s] Installing occupancy_grid script to /home/azivinicius/ros2_ws/src/SPH/install/SPH/lib/SPH
[8.461s] 
[8.461s] Installed /home/azivinicius/ros2_ws/src/SPH/build/SPH
[8.462s] running symlink_data
[8.462s] symbolically linking /home/azivinicius/ros2_ws/src/SPH/build/SPH/launch/basic.launch.py -> /home/azivinicius/ros2_ws/src/SPH/install/SPH/share/SPH/launch
[8.605s] Invoked command in '/home/azivinicius/ros2_ws/src/SPH/build/SPH' returned '0': DEBUGINFOD_URLS=https://debuginfod.ubuntu.com PYTHONPATH=/home/azivinicius/ros2_ws/src/SPH/build/SPH/prefix_override:/usr/lib/python3/dist-packages/colcon_core/task/python/colcon_distutils_commands:/home/azivinicius/ros2_ws/src/SPH/install/SPH/lib/python3.12/site-packages:${PYTHONPATH} /usr/bin/python3 -W ignore:setup.py install is deprecated -W ignore:easy_install command is deprecated setup.py develop --editable --build-directory /home/azivinicius/ros2_ws/src/SPH/build/SPH/build --no-deps symlink_data
