[4.062s] Invoking command in '/home/azivinicius/ros2_ws/src/SPH': DEBUGINFOD_URLS=https://debuginfod.ubuntu.com PYTHONPATH=/home/azivinicius/ros2_ws/src/SPH/build/SPH/prefix_override:/usr/lib/python3/dist-packages/colcon_core/task/python/colcon_distutils_commands:/home/azivinicius/ros2_ws/src/SPH/install/SPH/lib/python3.12/site-packages:${PYTHONPATH} /usr/bin/python3 -W ignore:setup.py install is deprecated -W ignore:easy_install command is deprecated setup.py egg_info --egg-base build/SPH build --build-base /home/azivinicius/ros2_ws/src/SPH/build/SPH/build install --record /home/azivinicius/ros2_ws/src/SPH/build/SPH/install.log --single-version-externally-managed install_data
[5.553s] running egg_info
[5.683s] writing build/SPH/SPH.egg-info/PKG-INFO
[5.685s] writing dependency_links to build/SPH/SPH.egg-info/dependency_links.txt
[5.686s] writing entry points to build/SPH/SPH.egg-info/entry_points.txt
[5.687s] writing requirements to build/SPH/SPH.egg-info/requires.txt
[5.688s] writing top-level names to build/SPH/SPH.egg-info/top_level.txt
[5.939s] reading manifest file 'build/SPH/SPH.egg-info/SOURCES.txt'
[5.940s] adding license file 'LICENSE'
[5.944s] writing manifest file 'build/SPH/SPH.egg-info/SOURCES.txt'
[5.945s] running build
[5.946s] running build_py
[5.948s] running install
[5.977s] running install_lib
[6.106s] running install_data
[6.108s] running install_egg_info
[6.241s] removing '/home/azivinicius/ros2_ws/src/SPH/install/SPH/lib/python3.12/site-packages/SPH-0.0.0-py3.12.egg-info' (and everything under it)
[6.243s] Copying build/SPH/SPH.egg-info to /home/azivinicius/ros2_ws/src/SPH/install/SPH/lib/python3.12/site-packages/SPH-0.0.0-py3.12.egg-info
[6.249s] running install_scripts
[7.017s] Installing basic script to /home/azivinicius/ros2_ws/src/SPH/install/SPH/lib/SPH
[7.018s] Installing decentralized script to /home/azivinicius/ros2_ws/src/SPH/install/SPH/lib/SPH
[7.019s] Installing diff_sph script to /home/azivinicius/ros2_ws/src/SPH/install/SPH/lib/SPH
[7.020s] Installing occupancy_grid script to /home/azivinicius/ros2_ws/src/SPH/install/SPH/lib/SPH
[7.021s] writing list of installed files to '/home/azivinicius/ros2_ws/src/SPH/build/SPH/install.log'
[7.140s] Invoked command in '/home/azivinicius/ros2_ws/src/SPH' returned '0': DEBUGINFOD_URLS=https://debuginfod.ubuntu.com PYTHONPATH=/home/azivinicius/ros2_ws/src/SPH/build/SPH/prefix_override:/usr/lib/python3/dist-packages/colcon_core/task/python/colcon_distutils_commands:/home/azivinicius/ros2_ws/src/SPH/install/SPH/lib/python3.12/site-packages:${PYTHONPATH} /usr/bin/python3 -W ignore:setup.py install is deprecated -W ignore:easy_install command is deprecated setup.py egg_info --egg-base build/SPH build --build-base /home/azivinicius/ros2_ws/src/SPH/build/SPH/build install --record /home/azivinicius/ros2_ws/src/SPH/build/SPH/install.log --single-version-externally-managed install_data
