[3.749s] Invoking command in '/home/azivinicius/ros2_ws/src/SPH': DEBUGINFOD_URLS=https://debuginfod.ubuntu.com PYTHONPATH=/home/azivinicius/ros2_ws/src/SPH/build/SPH/prefix_override:/usr/lib/python3/dist-packages/colcon_core/task/python/colcon_distutils_commands:/home/azivinicius/ros2_ws/src/SPH/install/SPH/lib/python3.12/site-packages:${PYTHONPATH} /usr/bin/python3 -W ignore:setup.py install is deprecated -W ignore:easy_install command is deprecated setup.py egg_info --egg-base build/SPH build --build-base /home/azivinicius/ros2_ws/src/SPH/build/SPH/build install --record /home/azivinicius/ros2_ws/src/SPH/build/SPH/install.log --single-version-externally-managed install_data
[5.187s] running egg_info
[5.383s] writing build/SPH/SPH.egg-info/PKG-INFO
[5.384s] writing dependency_links to build/SPH/SPH.egg-info/dependency_links.txt
[5.385s] writing entry points to build/SPH/SPH.egg-info/entry_points.txt
[5.386s] writing requirements to build/SPH/SPH.egg-info/requires.txt
[5.386s] writing top-level names to build/SPH/SPH.egg-info/top_level.txt
[5.637s] reading manifest file 'build/SPH/SPH.egg-info/SOURCES.txt'
[5.638s] adding license file 'LICENSE'
[5.641s] writing manifest file 'build/SPH/SPH.egg-info/SOURCES.txt'
[5.642s] running build
[5.643s] running build_py
[5.644s] copying SPH/particle.py -> /home/azivinicius/ros2_ws/src/SPH/build/SPH/build/lib/SPH
[5.645s] running install
[5.675s] running install_lib
[5.795s] copying /home/azivinicius/ros2_ws/src/SPH/build/SPH/build/lib/SPH/particle.py -> /home/azivinicius/ros2_ws/src/SPH/install/SPH/lib/python3.12/site-packages/SPH
[5.798s] byte-compiling /home/azivinicius/ros2_ws/src/SPH/install/SPH/lib/python3.12/site-packages/SPH/particle.py to particle.cpython-312.pyc
[5.806s] running install_data
[5.809s] running install_egg_info
[5.932s] removing '/home/azivinicius/ros2_ws/src/SPH/install/SPH/lib/python3.12/site-packages/SPH-0.0.0-py3.12.egg-info' (and everything under it)
[5.933s] Copying build/SPH/SPH.egg-info to /home/azivinicius/ros2_ws/src/SPH/install/SPH/lib/python3.12/site-packages/SPH-0.0.0-py3.12.egg-info
[5.938s] running install_scripts
[6.692s] Installing basic script to /home/azivinicius/ros2_ws/src/SPH/install/SPH/lib/SPH
[6.693s] Installing decentralized script to /home/azivinicius/ros2_ws/src/SPH/install/SPH/lib/SPH
[6.694s] Installing diff_sph script to /home/azivinicius/ros2_ws/src/SPH/install/SPH/lib/SPH
[6.695s] Installing occupancy_grid script to /home/azivinicius/ros2_ws/src/SPH/install/SPH/lib/SPH
[6.696s] writing list of installed files to '/home/azivinicius/ros2_ws/src/SPH/build/SPH/install.log'
[6.806s] Invoked command in '/home/azivinicius/ros2_ws/src/SPH' returned '0': DEBUGINFOD_URLS=https://debuginfod.ubuntu.com PYTHONPATH=/home/azivinicius/ros2_ws/src/SPH/build/SPH/prefix_override:/usr/lib/python3/dist-packages/colcon_core/task/python/colcon_distutils_commands:/home/azivinicius/ros2_ws/src/SPH/install/SPH/lib/python3.12/site-packages:${PYTHONPATH} /usr/bin/python3 -W ignore:setup.py install is deprecated -W ignore:easy_install command is deprecated setup.py egg_info --egg-base build/SPH build --build-base /home/azivinicius/ros2_ws/src/SPH/build/SPH/build install --record /home/azivinicius/ros2_ws/src/SPH/build/SPH/install.log --single-version-externally-managed install_data
