[0.441s] DEBUG:colcon:Command line arguments: ['/usr/bin/colcon', 'build', '--symlink-install']
[0.441s] DEBUG:colcon:Parsed command line arguments: Namespace(log_base=None, log_level=None, verb_name='build', build_base='build', install_base='install', merge_install=False, symlink_install=True, test_result_base=None, continue_on_error=False, executor='parallel', parallel_workers=8, event_handlers=None, ignore_user_meta=False, metas=['./colcon.meta'], base_paths=['.'], packages_ignore=None, packages_ignore_regex=None, paths=None, packages_up_to=None, packages_up_to_regex=None, packages_above=None, packages_above_and_dependencies=None, packages_above_depth=None, packages_select_by_dep=None, packages_skip_by_dep=None, packages_skip_up_to=None, packages_select_build_failed=False, packages_skip_build_finished=False, packages_select_test_failures=False, packages_skip_test_passed=False, packages_select=None, packages_skip=None, packages_select_regex=None, packages_skip_regex=None, packages_start=None, packages_end=None, cmake_args=None, cmake_target=None, cmake_target_skip_unavailable=False, cmake_clean_cache=False, cmake_clean_first=False, cmake_force_configure=False, ament_cmake_args=None, catkin_cmake_args=None, catkin_skip_building_tests=False, verb_parser=<colcon_defaults.argument_parser.defaults.DefaultArgumentsDecorator object at 0x797108b39520>, verb_extension=<colcon_core.verb.build.BuildVerb object at 0x797108b38e30>, main=<bound method BuildVerb.main of <colcon_core.verb.build.BuildVerb object at 0x797108b38e30>>)
[0.594s] Level 1:colcon.colcon_core.package_discovery:discover_packages(colcon_meta) check parameters
[0.595s] Level 1:colcon.colcon_core.package_discovery:discover_packages(recursive) check parameters
[0.595s] Level 1:colcon.colcon_core.package_discovery:discover_packages(ignore) check parameters
[0.595s] Level 1:colcon.colcon_core.package_discovery:discover_packages(path) check parameters
[0.596s] Level 1:colcon.colcon_core.package_discovery:discover_packages(colcon_meta) discover
[0.596s] Level 1:colcon.colcon_core.package_discovery:discover_packages(recursive) discover
[0.596s] INFO:colcon.colcon_core.package_discovery:Crawling recursively for packages in '/home/azivinicius/ros2_ws/src/SPH'
[0.596s] Level 1:colcon.colcon_core.package_identification:_identify(.) by extensions ['ignore', 'ignore_ament_install']
[0.597s] Level 1:colcon.colcon_core.package_identification:_identify(.) by extension 'ignore'
[0.597s] Level 1:colcon.colcon_core.package_identification:_identify(.) by extension 'ignore_ament_install'
[0.597s] Level 1:colcon.colcon_core.package_identification:_identify(.) by extensions ['colcon_pkg']
[0.598s] Level 1:colcon.colcon_core.package_identification:_identify(.) by extension 'colcon_pkg'
[0.598s] Level 1:colcon.colcon_core.package_identification:_identify(.) by extensions ['colcon_meta']
[0.598s] Level 1:colcon.colcon_core.package_identification:_identify(.) by extension 'colcon_meta'
[0.598s] Level 1:colcon.colcon_core.package_identification:_identify(.) by extensions ['ros']
[0.598s] Level 1:colcon.colcon_core.package_identification:_identify(.) by extension 'ros'
[0.707s] DEBUG:colcon.colcon_core.package_identification:Package '.' with type 'ros.ament_python' and name 'SPH'
[0.707s] Level 1:colcon.colcon_core.package_discovery:discover_packages(recursive) using defaults
[0.707s] Level 1:colcon.colcon_core.package_discovery:discover_packages(ignore) discover
[0.707s] Level 1:colcon.colcon_core.package_discovery:discover_packages(ignore) using defaults
[0.707s] Level 1:colcon.colcon_core.package_discovery:discover_packages(path) discover
[0.707s] Level 1:colcon.colcon_core.package_discovery:discover_packages(path) using defaults
[0.783s] Level 5:colcon.colcon_core.verb:set package 'SPH' build argument 'cmake_args' from command line to 'None'
[0.783s] Level 5:colcon.colcon_core.verb:set package 'SPH' build argument 'cmake_target' from command line to 'None'
[0.783s] Level 5:colcon.colcon_core.verb:set package 'SPH' build argument 'cmake_target_skip_unavailable' from command line to 'False'
[0.783s] Level 5:colcon.colcon_core.verb:set package 'SPH' build argument 'cmake_clean_cache' from command line to 'False'
[0.784s] Level 5:colcon.colcon_core.verb:set package 'SPH' build argument 'cmake_clean_first' from command line to 'False'
[0.784s] Level 5:colcon.colcon_core.verb:set package 'SPH' build argument 'cmake_force_configure' from command line to 'False'
[0.784s] Level 5:colcon.colcon_core.verb:set package 'SPH' build argument 'ament_cmake_args' from command line to 'None'
[0.784s] Level 5:colcon.colcon_core.verb:set package 'SPH' build argument 'catkin_cmake_args' from command line to 'None'
[0.784s] Level 5:colcon.colcon_core.verb:set package 'SPH' build argument 'catkin_skip_building_tests' from command line to 'False'
[0.784s] DEBUG:colcon.colcon_core.verb:Building package 'SPH' with the following arguments: {'ament_cmake_args': None, 'build_base': '/home/azivinicius/ros2_ws/src/SPH/build/SPH', 'catkin_cmake_args': None, 'catkin_skip_building_tests': False, 'cmake_args': None, 'cmake_clean_cache': False, 'cmake_clean_first': False, 'cmake_force_configure': False, 'cmake_target': None, 'cmake_target_skip_unavailable': False, 'install_base': '/home/azivinicius/ros2_ws/src/SPH/install/SPH', 'merge_install': False, 'path': '/home/azivinicius/ros2_ws/src/SPH', 'symlink_install': True, 'test_result_base': None}
[0.785s] INFO:colcon.colcon_core.executor:Executing jobs using 'parallel' executor
[0.787s] DEBUG:colcon.colcon_parallel_executor.executor.parallel:run_until_complete
[0.788s] INFO:colcon.colcon_ros.task.ament_python.build:Building ROS package in '/home/azivinicius/ros2_ws/src/SPH' with build type 'ament_python'
[0.788s] Level 1:colcon.colcon_core.shell:create_environment_hook('SPH', 'ament_prefix_path')
[0.798s] INFO:colcon.colcon_core.plugin_system:Skipping extension 'colcon_core.shell.bat': Not used on non-Windows systems
[0.798s] INFO:colcon.colcon_core.shell:Creating environment descriptor '/home/azivinicius/ros2_ws/src/SPH/install/SPH/share/SPH/hook/ament_prefix_path.dsv'
[0.801s] INFO:colcon.colcon_core.shell:Creating environment hook '/home/azivinicius/ros2_ws/src/SPH/install/SPH/share/SPH/hook/ament_prefix_path.sh'
[0.804s] DEBUG:colcon.colcon_core.shell:Skip shell extension 'dsv' for command environment
[1.294s] DEBUG:colcon.colcon_parallel_executor.executor.parallel:run_until_complete was interrupted
[1.294s] DEBUG:colcon.colcon_parallel_executor.executor.parallel:run_until_complete again
[1.305s] DEBUG:colcon.colcon_parallel_executor.executor.parallel:run_until_complete finished
[1.305s] DEBUG:colcon.colcon_parallel_executor.executor.parallel:closing loop
[1.306s] DEBUG:colcon.colcon_parallel_executor.executor.parallel:loop closed
[1.306s] DEBUG:colcon.colcon_core.event_reactor:joining thread
[1.329s] INFO:colcon.colcon_core.plugin_system:Skipping extension 'colcon_notification.desktop_notification.terminal_notifier': Not used on non-Darwin systems
[1.330s] INFO:colcon.colcon_core.plugin_system:Skipping extension 'colcon_notification.desktop_notification.win32': Not used on non-Windows systems
[1.330s] INFO:colcon.colcon_notification.desktop_notification:Sending desktop notification using 'notify2'
[1.384s] DEBUG:colcon.colcon_core.event_reactor:joined thread
[1.386s] INFO:colcon.colcon_core.shell:Creating prefix script '/home/azivinicius/ros2_ws/src/SPH/install/local_setup.sh'
[1.390s] INFO:colcon.colcon_core.shell:Creating prefix util module '/home/azivinicius/ros2_ws/src/SPH/install/_local_setup_util_sh.py'
[1.398s] INFO:colcon.colcon_core.shell:Creating prefix chain script '/home/azivinicius/ros2_ws/src/SPH/install/setup.sh'
[1.407s] INFO:colcon.colcon_core.shell:Creating prefix script '/home/azivinicius/ros2_ws/src/SPH/install/local_setup.bash'
[1.410s] INFO:colcon.colcon_core.shell:Creating prefix chain script '/home/azivinicius/ros2_ws/src/SPH/install/setup.bash'
[1.416s] INFO:colcon.colcon_core.shell:Creating prefix script '/home/azivinicius/ros2_ws/src/SPH/install/local_setup.zsh'
[1.419s] INFO:colcon.colcon_core.shell:Creating prefix chain script '/home/azivinicius/ros2_ws/src/SPH/install/setup.zsh'
