[4.348s] Invoking command in '/home/azivinicius/ros2_ws/src/SPH': DEBUGINFOD_URLS=https://debuginfod.ubuntu.com PYTHONPATH=/home/azivinicius/ros2_ws/src/SPH/build/SPH/prefix_override:/usr/lib/python3/dist-packages/colcon_core/task/python/colcon_distutils_commands:/home/azivinicius/ros2_ws/src/SPH/install/SPH/lib/python3.12/site-packages:${PYTHONPATH} /usr/bin/python3 -W ignore:setup.py install is deprecated -W ignore:easy_install command is deprecated setup.py egg_info --egg-base build/SPH build --build-base /home/azivinicius/ros2_ws/src/SPH/build/SPH/build install --record /home/azivinicius/ros2_ws/src/SPH/build/SPH/install.log --single-version-externally-managed install_data
[5.427s] running egg_info
[5.428s] creating build/SPH/SPH.egg-info
[5.527s] writing build/SPH/SPH.egg-info/PKG-INFO
[5.527s] writing dependency_links to build/SPH/SPH.egg-info/dependency_links.txt
[5.528s] writing entry points to build/SPH/SPH.egg-info/entry_points.txt
[5.528s] writing requirements to build/SPH/SPH.egg-info/requires.txt
[5.529s] writing top-level names to build/SPH/SPH.egg-info/top_level.txt
[5.529s] writing manifest file 'build/SPH/SPH.egg-info/SOURCES.txt'
[5.715s] reading manifest file 'build/SPH/SPH.egg-info/SOURCES.txt'
[5.716s] adding license file 'LICENSE'
[5.718s] writing manifest file 'build/SPH/SPH.egg-info/SOURCES.txt'
[5.718s] running build
[5.719s] running build_py
[5.719s] creating /home/azivinicius/ros2_ws/src/SPH/build/SPH/build
[5.719s] creating /home/azivinicius/ros2_ws/src/SPH/build/SPH/build/lib
[5.720s] creating /home/azivinicius/ros2_ws/src/SPH/build/SPH/build/lib/SPH
[5.720s] copying SPH/potential2.py -> /home/azivinicius/ros2_ws/src/SPH/build/SPH/build/lib/SPH
[5.721s] copying SPH/diff_sph.py -> /home/azivinicius/ros2_ws/src/SPH/build/SPH/build/lib/SPH
[5.721s] copying SPH/potential.py -> /home/azivinicius/ros2_ws/src/SPH/build/SPH/build/lib/SPH
[5.722s] copying SPH/basic_potential.py -> /home/azivinicius/ros2_ws/src/SPH/build/SPH/build/lib/SPH
[5.722s] copying SPH/particle.py -> /home/azivinicius/ros2_ws/src/SPH/build/SPH/build/lib/SPH
[5.723s] copying SPH/decentralized.py -> /home/azivinicius/ros2_ws/src/SPH/build/SPH/build/lib/SPH
[5.723s] copying SPH/__init__.py -> /home/azivinicius/ros2_ws/src/SPH/build/SPH/build/lib/SPH
[5.723s] running install
[5.745s] running install_lib
[5.831s] creating /home/azivinicius/ros2_ws/src/SPH/install/SPH/lib/python3.12/site-packages/SPH
[5.832s] copying /home/azivinicius/ros2_ws/src/SPH/build/SPH/build/lib/SPH/potential2.py -> /home/azivinicius/ros2_ws/src/SPH/install/SPH/lib/python3.12/site-packages/SPH
[5.832s] copying /home/azivinicius/ros2_ws/src/SPH/build/SPH/build/lib/SPH/diff_sph.py -> /home/azivinicius/ros2_ws/src/SPH/install/SPH/lib/python3.12/site-packages/SPH
[5.833s] copying /home/azivinicius/ros2_ws/src/SPH/build/SPH/build/lib/SPH/potential.py -> /home/azivinicius/ros2_ws/src/SPH/install/SPH/lib/python3.12/site-packages/SPH
[5.833s] copying /home/azivinicius/ros2_ws/src/SPH/build/SPH/build/lib/SPH/basic_potential.py -> /home/azivinicius/ros2_ws/src/SPH/install/SPH/lib/python3.12/site-packages/SPH
[5.833s] copying /home/azivinicius/ros2_ws/src/SPH/build/SPH/build/lib/SPH/particle.py -> /home/azivinicius/ros2_ws/src/SPH/install/SPH/lib/python3.12/site-packages/SPH
[5.834s] copying /home/azivinicius/ros2_ws/src/SPH/build/SPH/build/lib/SPH/decentralized.py -> /home/azivinicius/ros2_ws/src/SPH/install/SPH/lib/python3.12/site-packages/SPH
[5.834s] copying /home/azivinicius/ros2_ws/src/SPH/build/SPH/build/lib/SPH/__init__.py -> /home/azivinicius/ros2_ws/src/SPH/install/SPH/lib/python3.12/site-packages/SPH
[5.835s] byte-compiling /home/azivinicius/ros2_ws/src/SPH/install/SPH/lib/python3.12/site-packages/SPH/potential2.py to potential2.cpython-312.pyc
[5.839s] byte-compiling /home/azivinicius/ros2_ws/src/SPH/install/SPH/lib/python3.12/site-packages/SPH/diff_sph.py to diff_sph.cpython-312.pyc
[5.849s] byte-compiling /home/azivinicius/ros2_ws/src/SPH/install/SPH/lib/python3.12/site-packages/SPH/potential.py to potential.cpython-312.pyc
[5.851s] byte-compiling /home/azivinicius/ros2_ws/src/SPH/install/SPH/lib/python3.12/site-packages/SPH/basic_potential.py to basic_potential.cpython-312.pyc
[5.864s] byte-compiling /home/azivinicius/ros2_ws/src/SPH/install/SPH/lib/python3.12/site-packages/SPH/particle.py to particle.cpython-312.pyc
[5.869s] byte-compiling /home/azivinicius/ros2_ws/src/SPH/install/SPH/lib/python3.12/site-packages/SPH/decentralized.py to decentralized.cpython-312.pyc
[5.878s] byte-compiling /home/azivinicius/ros2_ws/src/SPH/install/SPH/lib/python3.12/site-packages/SPH/__init__.py to __init__.cpython-312.pyc
[5.879s] running install_data
[5.879s] creating /home/azivinicius/ros2_ws/src/SPH/install/SPH/share/ament_index
[5.880s] creating /home/azivinicius/ros2_ws/src/SPH/install/SPH/share/ament_index/resource_index
[5.880s] creating /home/azivinicius/ros2_ws/src/SPH/install/SPH/share/ament_index/resource_index/packages
[5.881s] copying resource/SPH -> /home/azivinicius/ros2_ws/src/SPH/install/SPH/share/ament_index/resource_index/packages
[5.881s] copying package.xml -> /home/azivinicius/ros2_ws/src/SPH/install/SPH/share/SPH
[5.882s] creating /home/azivinicius/ros2_ws/src/SPH/install/SPH/share/SPH/launch
[5.882s] copying launch/decentralized.launch.py -> /home/azivinicius/ros2_ws/src/SPH/install/SPH/share/SPH/launch
[5.882s] copying launch/diff.launch.py -> /home/azivinicius/ros2_ws/src/SPH/install/SPH/share/SPH/launch
[5.882s] creating /home/azivinicius/ros2_ws/src/SPH/install/SPH/share/SPH/worlds
[5.883s] copying worlds/tpf_simple.world -> /home/azivinicius/ros2_ws/src/SPH/install/SPH/share/SPH/worlds
[5.883s] copying worlds/tpf_arena02.world -> /home/azivinicius/ros2_ws/src/SPH/install/SPH/share/SPH/worlds
[5.883s] copying worlds/tpf_arena.world -> /home/azivinicius/ros2_ws/src/SPH/install/SPH/share/SPH/worlds
[5.883s] creating /home/azivinicius/ros2_ws/src/SPH/install/SPH/share/SPH/worlds/meshes
[5.884s] creating /home/azivinicius/ros2_ws/src/SPH/install/SPH/share/SPH/maps
[5.884s] copying maps/map_arena.pgm -> /home/azivinicius/ros2_ws/src/SPH/install/SPH/share/SPH/maps
[5.886s] copying maps/map_complex.yaml -> /home/azivinicius/ros2_ws/src/SPH/install/SPH/share/SPH/maps
[5.886s] copying maps/map_arena.yaml -> /home/azivinicius/ros2_ws/src/SPH/install/SPH/share/SPH/maps
[5.887s] copying maps/map_maze.pgm -> /home/azivinicius/ros2_ws/src/SPH/install/SPH/share/SPH/maps
[5.890s] copying maps/map_maze.yaml -> /home/azivinicius/ros2_ws/src/SPH/install/SPH/share/SPH/maps
[5.891s] copying maps/map_arena_old.yaml -> /home/azivinicius/ros2_ws/src/SPH/install/SPH/share/SPH/maps
[5.891s] copying maps/map_mazeold.yaml -> /home/azivinicius/ros2_ws/src/SPH/install/SPH/share/SPH/maps
[5.892s] copying maps/map_arena_old.pgm -> /home/azivinicius/ros2_ws/src/SPH/install/SPH/share/SPH/maps
[5.894s] copying maps/map_mazeold.pgm -> /home/azivinicius/ros2_ws/src/SPH/install/SPH/share/SPH/maps
[5.896s] copying maps/map_complex.pgm -> /home/azivinicius/ros2_ws/src/SPH/install/SPH/share/SPH/maps
[5.900s] creating /home/azivinicius/ros2_ws/src/SPH/install/SPH/share/SPH/urdf
[5.901s] copying urdf/robot.urdf.xacro -> /home/azivinicius/ros2_ws/src/SPH/install/SPH/share/SPH/urdf
[5.901s] running install_egg_info
[5.992s] Copying build/SPH/SPH.egg-info to /home/azivinicius/ros2_ws/src/SPH/install/SPH/lib/python3.12/site-packages/SPH-0.0.0-py3.12.egg-info
[5.994s] running install_scripts
[6.703s] Installing basic script to /home/azivinicius/ros2_ws/src/SPH/install/SPH/lib/SPH
[6.703s] Installing decentralized script to /home/azivinicius/ros2_ws/src/SPH/install/SPH/lib/SPH
[6.704s] Installing diff_sph script to /home/azivinicius/ros2_ws/src/SPH/install/SPH/lib/SPH
[6.705s] Installing occupancy_grid script to /home/azivinicius/ros2_ws/src/SPH/install/SPH/lib/SPH
[6.707s] writing list of installed files to '/home/azivinicius/ros2_ws/src/SPH/build/SPH/install.log'
[6.827s] Invoked command in '/home/azivinicius/ros2_ws/src/SPH' returned '0': DEBUGINFOD_URLS=https://debuginfod.ubuntu.com PYTHONPATH=/home/azivinicius/ros2_ws/src/SPH/build/SPH/prefix_override:/usr/lib/python3/dist-packages/colcon_core/task/python/colcon_distutils_commands:/home/azivinicius/ros2_ws/src/SPH/install/SPH/lib/python3.12/site-packages:${PYTHONPATH} /usr/bin/python3 -W ignore:setup.py install is deprecated -W ignore:easy_install command is deprecated setup.py egg_info --egg-base build/SPH build --build-base /home/azivinicius/ros2_ws/src/SPH/build/SPH/build install --record /home/azivinicius/ros2_ws/src/SPH/build/SPH/install.log --single-version-externally-managed install_data
