[3.899s] Invoking command in '/home/azivinicius/ros2_ws/src/SPH': DEBUGINFOD_URLS=https://debuginfod.ubuntu.com PYTHONPATH=/home/azivinicius/ros2_ws/src/SPH/build/SPH/prefix_override:/usr/lib/python3/dist-packages/colcon_core/task/python/colcon_distutils_commands:/home/azivinicius/ros2_ws/src/SPH/install/SPH/lib/python3.12/site-packages:${PYTHONPATH} /usr/bin/python3 -W ignore:setup.py install is deprecated -W ignore:easy_install command is deprecated setup.py egg_info --egg-base build/SPH build --build-base /home/azivinicius/ros2_ws/src/SPH/build/SPH/build install --record /home/azivinicius/ros2_ws/src/SPH/build/SPH/install.log --single-version-externally-managed install_data
[5.393s] running egg_info
[5.517s] writing build/SPH/SPH.egg-info/PKG-INFO
[5.518s] writing dependency_links to build/SPH/SPH.egg-info/dependency_links.txt
[5.519s] writing entry points to build/SPH/SPH.egg-info/entry_points.txt
[5.520s] writing requirements to build/SPH/SPH.egg-info/requires.txt
[5.520s] writing top-level names to build/SPH/SPH.egg-info/top_level.txt
[5.778s] reading manifest file 'build/SPH/SPH.egg-info/SOURCES.txt'
[5.780s] adding license file 'LICENSE'
[5.783s] writing manifest file 'build/SPH/SPH.egg-info/SOURCES.txt'
[5.784s] running build
[5.785s] running build_py
[5.786s] copying SPH/basic_potential.py -> /home/azivinicius/ros2_ws/src/SPH/build/SPH/build/lib/SPH
[5.787s] copying SPH/particle.py -> /home/azivinicius/ros2_ws/src/SPH/build/SPH/build/lib/SPH
[5.788s] running install
[5.818s] running install_lib
[5.942s] copying /home/azivinicius/ros2_ws/src/SPH/build/SPH/build/lib/SPH/basic_potential.py -> /home/azivinicius/ros2_ws/src/SPH/install/SPH/lib/python3.12/site-packages/SPH
[5.943s] copying /home/azivinicius/ros2_ws/src/SPH/build/SPH/build/lib/SPH/particle.py -> /home/azivinicius/ros2_ws/src/SPH/install/SPH/lib/python3.12/site-packages/SPH
[5.946s] byte-compiling /home/azivinicius/ros2_ws/src/SPH/install/SPH/lib/python3.12/site-packages/SPH/basic_potential.py to basic_potential.cpython-312.pyc
[5.960s] byte-compiling /home/azivinicius/ros2_ws/src/SPH/install/SPH/lib/python3.12/site-packages/SPH/particle.py to particle.cpython-312.pyc
[5.968s] running install_data
[5.970s] running install_egg_info
[6.105s] removing '/home/azivinicius/ros2_ws/src/SPH/install/SPH/lib/python3.12/site-packages/SPH-0.0.0-py3.12.egg-info' (and everything under it)
[6.107s] Copying build/SPH/SPH.egg-info to /home/azivinicius/ros2_ws/src/SPH/install/SPH/lib/python3.12/site-packages/SPH-0.0.0-py3.12.egg-info
[6.111s] running install_scripts
[6.899s] Installing basic script to /home/azivinicius/ros2_ws/src/SPH/install/SPH/lib/SPH
[6.900s] Installing decentralized script to /home/azivinicius/ros2_ws/src/SPH/install/SPH/lib/SPH
[6.900s] Installing diff_sph script to /home/azivinicius/ros2_ws/src/SPH/install/SPH/lib/SPH
[6.901s] Installing occupancy_grid script to /home/azivinicius/ros2_ws/src/SPH/install/SPH/lib/SPH
[6.903s] writing list of installed files to '/home/azivinicius/ros2_ws/src/SPH/build/SPH/install.log'
[7.016s] Invoked command in '/home/azivinicius/ros2_ws/src/SPH' returned '0': DEBUGINFOD_URLS=https://debuginfod.ubuntu.com PYTHONPATH=/home/azivinicius/ros2_ws/src/SPH/build/SPH/prefix_override:/usr/lib/python3/dist-packages/colcon_core/task/python/colcon_distutils_commands:/home/azivinicius/ros2_ws/src/SPH/install/SPH/lib/python3.12/site-packages:${PYTHONPATH} /usr/bin/python3 -W ignore:setup.py install is deprecated -W ignore:easy_install command is deprecated setup.py egg_info --egg-base build/SPH build --build-base /home/azivinicius/ros2_ws/src/SPH/build/SPH/build install --record /home/azivinicius/ros2_ws/src/SPH/build/SPH/install.log --single-version-externally-managed install_data
