/home/bruno/Plan_mov_TPfinal/install/SPH/lib/python3.12/site-packages/SPH/decentralized.py
/home/bruno/Plan_mov_TPfinal/install/SPH/lib/python3.12/site-packages/SPH/potential2.py
/home/bruno/Plan_mov_TPfinal/install/SPH/lib/python3.12/site-packages/SPH/particle.py
/home/bruno/Plan_mov_TPfinal/install/SPH/lib/python3.12/site-packages/SPH/diff_sph.py
/home/bruno/Plan_mov_TPfinal/install/SPH/lib/python3.12/site-packages/SPH/basic_potential.py
/home/bruno/Plan_mov_TPfinal/install/SPH/lib/python3.12/site-packages/SPH/__init__.py
/home/bruno/Plan_mov_TPfinal/install/SPH/lib/python3.12/site-packages/SPH/potential.py
/home/bruno/Plan_mov_TPfinal/install/SPH/lib/python3.12/site-packages/SPH/__pycache__/decentralized.cpython-312.pyc
/home/bruno/Plan_mov_TPfinal/install/SPH/lib/python3.12/site-packages/SPH/__pycache__/potential2.cpython-312.pyc
/home/bruno/Plan_mov_TPfinal/install/SPH/lib/python3.12/site-packages/SPH/__pycache__/particle.cpython-312.pyc
/home/bruno/Plan_mov_TPfinal/install/SPH/lib/python3.12/site-packages/SPH/__pycache__/diff_sph.cpython-312.pyc
/home/bruno/Plan_mov_TPfinal/install/SPH/lib/python3.12/site-packages/SPH/__pycache__/basic_potential.cpython-312.pyc
/home/bruno/Plan_mov_TPfinal/install/SPH/lib/python3.12/site-packages/SPH/__pycache__/__init__.cpython-312.pyc
/home/bruno/Plan_mov_TPfinal/install/SPH/lib/python3.12/site-packages/SPH/__pycache__/potential.cpython-312.pyc
/home/bruno/Plan_mov_TPfinal/install/SPH/share/ament_index/resource_index/packages/SPH
/home/bruno/Plan_mov_TPfinal/install/SPH/share/SPH/package.xml
/home/bruno/Plan_mov_TPfinal/install/SPH/share/SPH/launch/diff.launch.py
/home/bruno/Plan_mov_TPfinal/install/SPH/share/SPH/launch/decentralized.launch.py
/home/bruno/Plan_mov_TPfinal/install/SPH/share/SPH/worlds/tpf_arena.world
/home/bruno/Plan_mov_TPfinal/install/SPH/share/SPH/worlds/tpf_arena02.world
/home/bruno/Plan_mov_TPfinal/install/SPH/share/SPH/worlds/tpf_simple.world
/home/bruno/Plan_mov_TPfinal/install/SPH/share/SPH/worlds
/home/bruno/Plan_mov_TPfinal/install/SPH/share/SPH/worlds/meshes
/home/bruno/Plan_mov_TPfinal/install/SPH/share/SPH/maps/map_complex.yaml
/home/bruno/Plan_mov_TPfinal/install/SPH/share/SPH/maps/map_mazeold.pgm
/home/bruno/Plan_mov_TPfinal/install/SPH/share/SPH/maps/map_complex.pgm
/home/bruno/Plan_mov_TPfinal/install/SPH/share/SPH/maps/map_maze.pgm
/home/bruno/Plan_mov_TPfinal/install/SPH/share/SPH/maps/map_mazeold.yaml
/home/bruno/Plan_mov_TPfinal/install/SPH/share/SPH/maps/map_maze.yaml
/home/bruno/Plan_mov_TPfinal/install/SPH/share/SPH/maps/map_arena_old.pgm
/home/bruno/Plan_mov_TPfinal/install/SPH/share/SPH/maps/map_arena.pgm
/home/bruno/Plan_mov_TPfinal/install/SPH/share/SPH/maps/map_arena_old.yaml
/home/bruno/Plan_mov_TPfinal/install/SPH/share/SPH/maps/map_arena.yaml
/home/bruno/Plan_mov_TPfinal/install/SPH/share/SPH/urdf/robot.urdf.xacro
/home/bruno/Plan_mov_TPfinal/install/SPH/lib/python3.12/site-packages/SPH-0.0.0-py3.12.egg-info/dependency_links.txt
/home/bruno/Plan_mov_TPfinal/install/SPH/lib/python3.12/site-packages/SPH-0.0.0-py3.12.egg-info/zip-safe
/home/bruno/Plan_mov_TPfinal/install/SPH/lib/python3.12/site-packages/SPH-0.0.0-py3.12.egg-info/PKG-INFO
/home/bruno/Plan_mov_TPfinal/install/SPH/lib/python3.12/site-packages/SPH-0.0.0-py3.12.egg-info/requires.txt
/home/bruno/Plan_mov_TPfinal/install/SPH/lib/python3.12/site-packages/SPH-0.0.0-py3.12.egg-info/SOURCES.txt
/home/bruno/Plan_mov_TPfinal/install/SPH/lib/python3.12/site-packages/SPH-0.0.0-py3.12.egg-info/entry_points.txt
/home/bruno/Plan_mov_TPfinal/install/SPH/lib/python3.12/site-packages/SPH-0.0.0-py3.12.egg-info/top_level.txt
/home/bruno/Plan_mov_TPfinal/install/SPH/lib/SPH/basic
/home/bruno/Plan_mov_TPfinal/install/SPH/lib/SPH/decentralized
/home/bruno/Plan_mov_TPfinal/install/SPH/lib/SPH/diff_sph
/home/bruno/Plan_mov_TPfinal/install/SPH/lib/SPH/occupancy_grid
